<?xml version="1.0" encoding="UTF-8"?>
<coverage generated="1780959626506" clover="3.2.0">
  <project timestamp="1780959626506" name="All files">
    <metrics statements="191" coveredstatements="166" conditionals="185" coveredconditionals="143" methods="63" coveredmethods="56" elements="439" coveredelements="365" complexity="0" loc="191" ncloc="191" packages="10" files="14" classes="14"/>
    <package name="src">
      <metrics statements="14" coveredstatements="14" conditionals="6" coveredconditionals="6" methods="6" coveredmethods="6"/>
      <file name="App.tsx" path="/home/runner/workspace/rs-react-app/src/App.tsx">
        <metrics statements="13" coveredstatements="13" conditionals="6" coveredconditionals="6" methods="6" coveredmethods="6"/>
        <line num="10" count="29" type="stmt"/>
        <line num="11" count="29" type="stmt"/>
        <line num="12" count="29" type="stmt"/>
        <line num="14" count="29" type="stmt"/>
        <line num="15" count="9" type="stmt"/>
        <line num="16" count="9" type="stmt"/>
        <line num="19" count="29" type="stmt"/>
        <line num="20" count="3" type="stmt"/>
        <line num="23" count="29" type="stmt"/>
        <line num="24" count="1" type="stmt"/>
        <line num="27" count="29" type="stmt"/>
        <line num="41" count="6" type="stmt"/>
        <line num="47" count="3" type="stmt"/>
      </file>
      <file name="main.tsx" path="/home/runner/workspace/rs-react-app/src/main.tsx">
        <metrics statements="1" coveredstatements="1" conditionals="0" coveredconditionals="0" methods="0" coveredmethods="0"/>
        <line num="6" count="1" type="stmt"/>
      </file>
    </package>
    <package name="src.components.Forms">
      <metrics statements="56" coveredstatements="39" conditionals="104" coveredconditionals="67" methods="12" coveredmethods="10"/>
      <file name="ReactHookForm.tsx" path="/home/runner/workspace/rs-react-app/src/components/Forms/ReactHookForm.tsx">
        <metrics statements="14" coveredstatements="10" conditionals="40" coveredconditionals="28" methods="5" coveredmethods="4"/>
        <line num="14" count="1" type="stmt"/>
        <line num="15" count="38" type="stmt"/>
        <line num="24" count="38" type="stmt"/>
        <line num="40" count="38" type="stmt"/>
        <line num="42" count="38" type="stmt"/>
        <line num="43" count="0" type="stmt"/>
        <line num="55" count="0" type="stmt"/>
        <line num="60" count="0" type="stmt"/>
        <line num="61" count="0" type="stmt"/>
        <line num="64" count="38" type="stmt"/>
        <line num="189" count="1" type="stmt"/>
        <line num="190" count="1" type="stmt"/>
        <line num="249" count="7" type="stmt"/>
        <line num="250" count="7" type="stmt"/>
      </file>
      <file name="UncontrolledForm.tsx" path="/home/runner/workspace/rs-react-app/src/components/Forms/UncontrolledForm.tsx">
        <metrics statements="42" coveredstatements="29" conditionals="64" coveredconditionals="39" methods="7" coveredmethods="6"/>
        <line num="13" count="1" type="stmt"/>
        <line num="17" count="18" type="stmt"/>
        <line num="19" count="18" type="stmt"/>
        <line num="20" count="18" type="stmt"/>
        <line num="21" count="18" type="stmt"/>
        <line num="22" count="18" type="stmt"/>
        <line num="23" count="18" type="stmt"/>
        <line num="24" count="18" type="stmt"/>
        <line num="25" count="18" type="stmt"/>
        <line num="27" count="18" type="stmt"/>
        <line num="28" count="18" type="stmt"/>
        <line num="29" count="18" type="stmt"/>
        <line num="30" count="18" type="stmt"/>
        <line num="32" count="18" type="stmt"/>
        <line num="33" count="4" type="stmt"/>
        <line num="35" count="4" type="stmt"/>
        <line num="48" count="4" type="stmt"/>
        <line num="50" count="4" type="cond" truecount="1" falsecount="1"/>
        <line num="51" count="4" type="stmt"/>
        <line num="52" count="4" type="stmt"/>
        <line num="53" count="45" type="cond" truecount="1" falsecount="1"/>
        <line num="54" count="45" type="stmt"/>
        <line num="57" count="4" type="stmt"/>
        <line num="58" count="4" type="stmt"/>
        <line num="61" count="0" type="stmt"/>
        <line num="63" count="0" type="stmt"/>
        <line num="75" count="4" type="stmt"/>
        <line num="80" count="4" type="cond" truecount="1" falsecount="1"/>
        <line num="81" count="0" type="cond" truecount="0" falsecount="2"/>
        <line num="82" count="0" type="cond" truecount="0" falsecount="2"/>
        <line num="83" count="0" type="cond" truecount="0" falsecount="2"/>
        <line num="84" count="0" type="cond" truecount="0" falsecount="2"/>
        <line num="85" count="0" type="cond" truecount="0" falsecount="2"/>
        <line num="86" count="0" type="cond" truecount="0" falsecount="2"/>
        <line num="87" count="0" type="stmt"/>
        <line num="88" count="0" type="stmt"/>
        <line num="89" count="0" type="stmt"/>
        <line num="91" count="0" type="stmt"/>
        <line num="94" count="18" type="stmt"/>
        <line num="102" count="1" type="stmt"/>
        <line num="232" count="0" type="stmt"/>
        <line num="274" count="7" type="stmt"/>
      </file>
    </package>
    <package name="src.components.Forms.shared">
      <metrics statements="71" coveredstatements="71" conditionals="48" coveredconditionals="45" methods="23" coveredmethods="23"/>
      <file name="CountryAutocomplete.tsx" path="/home/runner/workspace/rs-react-app/src/components/Forms/shared/CountryAutocomplete.tsx">
        <metrics statements="22" coveredstatements="22" conditionals="10" coveredconditionals="10" methods="9" coveredmethods="9"/>
        <line num="13" count="1" type="stmt"/>
        <line num="21" count="96" type="stmt"/>
        <line num="22" count="96" type="stmt"/>
        <line num="23" count="96" type="stmt"/>
        <line num="25" count="96" type="stmt"/>
        <line num="27" count="96" type="stmt"/>
        <line num="28" count="17" type="stmt"/>
        <line num="31" count="96" type="stmt"/>
        <line num="32" count="44" type="stmt"/>
        <line num="33" count="616" type="stmt"/>
        <line num="35" count="44" type="stmt"/>
        <line num="38" count="96" type="stmt"/>
        <line num="39" count="3" type="stmt"/>
        <line num="40" count="3" type="stmt"/>
        <line num="41" count="3" type="stmt"/>
        <line num="44" count="96" type="stmt"/>
        <line num="52" count="24" type="stmt"/>
        <line num="53" count="24" type="stmt"/>
        <line num="54" count="24" type="stmt"/>
        <line num="56" count="7" type="stmt"/>
        <line num="68" count="159" type="stmt"/>
        <line num="70" count="3" type="stmt"/>
      </file>
      <file name="ImageUpload.tsx" path="/home/runner/workspace/rs-react-app/src/components/Forms/shared/ImageUpload.tsx">
        <metrics statements="24" coveredstatements="24" conditionals="18" coveredconditionals="15" methods="4" coveredmethods="4"/>
        <line num="12" count="1" type="stmt"/>
        <line num="19" count="25" type="stmt"/>
        <line num="20" count="25" type="stmt"/>
        <line num="21" count="25" type="stmt"/>
        <line num="23" count="25" type="stmt"/>
        <line num="24" count="5" type="stmt"/>
        <line num="25" count="5" type="cond" truecount="1" falsecount="1"/>
        <line num="27" count="5" type="stmt"/>
        <line num="28" count="5" type="cond" truecount="2" falsecount="0"/>
        <line num="29" count="2" type="cond" truecount="1" falsecount="1"/>
        <line num="30" count="2" type="stmt"/>
        <line num="33" count="3" type="stmt"/>
        <line num="35" count="3" type="stmt"/>
        <line num="36" count="3" type="stmt"/>
        <line num="37" count="2" type="stmt"/>
        <line num="38" count="2" type="stmt"/>
        <line num="40" count="1" type="stmt"/>
        <line num="44" count="25" type="stmt"/>
        <line num="45" count="1" type="stmt"/>
        <line num="46" count="1" type="stmt"/>
        <line num="47" count="1" type="cond" truecount="1" falsecount="1"/>
        <line num="48" count="1" type="stmt"/>
        <line num="52" count="25" type="stmt"/>
        <line num="83" count="5" type="stmt"/>
      </file>
      <file name="PasswordStrengthIndicator.tsx" path="/home/runner/workspace/rs-react-app/src/components/Forms/shared/PasswordStrengthIndicator.tsx">
        <metrics statements="25" coveredstatements="25" conditionals="20" coveredconditionals="20" methods="10" coveredmethods="10"/>
        <line num="10" count="1" type="stmt"/>
        <line num="13" count="22" type="stmt"/>
        <line num="14" count="44" type="stmt"/>
        <line num="15" count="44" type="stmt"/>
        <line num="16" count="44" type="stmt"/>
        <line num="17" count="44" type="stmt"/>
        <line num="18" count="44" type="stmt"/>
        <line num="21" count="22" type="stmt"/>
        <line num="22" count="110" type="stmt"/>
        <line num="24" count="22" type="stmt"/>
        <line num="26" count="22" type="stmt"/>
        <line num="27" count="22" type="cond" truecount="2" falsecount="0"/>
        <line num="28" count="12" type="cond" truecount="2" falsecount="0"/>
        <line num="29" count="10" type="cond" truecount="2" falsecount="0"/>
        <line num="30" count="8" type="cond" truecount="2" falsecount="0"/>
        <line num="31" count="6" type="stmt"/>
        <line num="34" count="22" type="stmt"/>
        <line num="35" count="22" type="cond" truecount="2" falsecount="0"/>
        <line num="36" count="12" type="cond" truecount="2" falsecount="0"/>
        <line num="37" count="10" type="cond" truecount="2" falsecount="0"/>
        <line num="38" count="8" type="cond" truecount="2" falsecount="0"/>
        <line num="39" count="6" type="stmt"/>
        <line num="42" count="22" type="stmt"/>
        <line num="57" count="110" type="stmt"/>
        <line num="58" count="110" type="stmt"/>
      </file>
    </package>
    <package name="src.components.Modal">
      <metrics statements="16" coveredstatements="15" conditionals="9" coveredconditionals="8" methods="4" coveredmethods="4"/>
      <file name="Modal.tsx" path="/home/runner/workspace/rs-react-app/src/components/Modal/Modal.tsx">
        <metrics statements="16" coveredstatements="15" conditionals="9" coveredconditionals="8" methods="4" coveredmethods="4"/>
        <line num="11" count="1" type="stmt"/>
        <line num="17" count="16" type="stmt"/>
        <line num="18" count="16" type="stmt"/>
        <line num="19" count="16" type="stmt"/>
        <line num="20" count="16" type="cond" truecount="2" falsecount="0"/>
        <line num="22" count="15" type="cond" truecount="1" falsecount="1"/>
        <line num="23" count="15" type="stmt"/>
        <line num="25" count="0" type="stmt"/>
        <line num="29" count="16" type="stmt"/>
        <line num="30" count="1" type="stmt"/>
        <line num="33" count="16" type="stmt"/>
        <line num="34" count="3" type="cond" truecount="2" falsecount="0"/>
        <line num="35" count="1" type="stmt"/>
        <line num="38" count="16" type="stmt"/>
        <line num="39" count="16" type="cond" truecount="2" falsecount="0"/>
        <line num="41" count="15" type="stmt"/>
      </file>
    </package>
    <package name="src.components.SubmissionCard">
      <metrics statements="2" coveredstatements="2" conditionals="12" coveredconditionals="11" methods="1" coveredmethods="1"/>
      <file name="SubmissionCard.tsx" path="/home/runner/workspace/rs-react-app/src/components/SubmissionCard/SubmissionCard.tsx">
        <metrics statements="2" coveredstatements="2" conditionals="12" coveredconditionals="11" methods="1" coveredmethods="1"/>
        <line num="3" count="1" type="stmt"/>
        <line num="10" count="14" type="stmt"/>
      </file>
    </package>
    <package name="src.components.SubmissionList">
      <metrics statements="6" coveredstatements="6" conditionals="2" coveredconditionals="2" methods="3" coveredmethods="3"/>
      <file name="SubmissionsList.tsx" path="/home/runner/workspace/rs-react-app/src/components/SubmissionList/SubmissionsList.tsx">
        <metrics statements="6" coveredstatements="6" conditionals="2" coveredconditionals="2" methods="3" coveredmethods="3"/>
        <line num="8" count="1" type="stmt"/>
        <line num="9" count="11" type="stmt"/>
        <line num="11" count="11" type="cond" truecount="2" falsecount="0"/>
        <line num="12" count="3" type="stmt"/>
        <line num="21" count="8" type="stmt"/>
        <line num="24" count="23" type="stmt"/>
      </file>
    </package>
    <package name="src.helpers">
      <metrics statements="14" coveredstatements="9" conditionals="4" coveredconditionals="4" methods="5" coveredmethods="1"/>
      <file name="imageUpload.ts" path="/home/runner/workspace/rs-react-app/src/helpers/imageUpload.ts">
        <metrics statements="14" coveredstatements="9" conditionals="4" coveredconditionals="4" methods="5" coveredmethods="1"/>
        <line num="1" count="1" type="stmt"/>
        <line num="4" count="14" type="stmt"/>
        <line num="5" count="14" type="cond" truecount="2" falsecount="0"/>
        <line num="6" count="6" type="stmt"/>
        <line num="11" count="8" type="stmt"/>
        <line num="12" count="8" type="cond" truecount="2" falsecount="0"/>
        <line num="13" count="2" type="stmt"/>
        <line num="16" count="6" type="stmt"/>
        <line num="19" count="1" type="stmt"/>
        <line num="20" count="0" type="stmt"/>
        <line num="21" count="0" type="stmt"/>
        <line num="22" count="0" type="stmt"/>
        <line num="23" count="0" type="stmt"/>
        <line num="24" count="0" type="stmt"/>
      </file>
    </package>
    <package name="src.schemas">
      <metrics statements="4" coveredstatements="4" conditionals="0" coveredconditionals="0" methods="2" coveredmethods="2"/>
      <file name="formSchema.ts" path="/home/runner/workspace/rs-react-app/src/schemas/formSchema.ts">
        <metrics statements="4" coveredstatements="4" conditionals="0" coveredconditionals="0" methods="2" coveredmethods="2"/>
        <line num="3" count="3" type="stmt"/>
        <line num="22" count="3" type="stmt"/>
        <line num="41" count="43" type="stmt"/>
        <line num="56" count="4" type="stmt"/>
      </file>
    </package>
    <package name="src.store">
      <metrics statements="6" coveredstatements="6" conditionals="0" coveredconditionals="0" methods="6" coveredmethods="6"/>
      <file name="submissionStore.ts" path="/home/runner/workspace/rs-react-app/src/store/submissionStore.ts">
        <metrics statements="6" coveredstatements="6" conditionals="0" coveredconditionals="0" methods="6" coveredmethods="6"/>
        <line num="12" count="1" type="stmt"/>
        <line num="14" count="1" type="stmt"/>
        <line num="17" count="14" type="stmt"/>
        <line num="23" count="14" type="stmt"/>
        <line num="27" count="2" type="stmt"/>
        <line num="29" count="7" type="stmt"/>
      </file>
    </package>
    <package name="src.test">
      <metrics statements="2" coveredstatements="0" conditionals="0" coveredconditionals="0" methods="1" coveredmethods="0"/>
      <file name="setup.ts" path="/home/runner/workspace/rs-react-app/src/test/setup.ts">
        <metrics statements="2" coveredstatements="0" conditionals="0" coveredconditionals="0" methods="1" coveredmethods="0"/>
        <line num="5" count="0" type="stmt"/>
        <line num="6" count="0" type="stmt"/>
      </file>
    </package>
  </project>
</coverage>
