{
  "/home/runner/workspace/rs-react-app/src/App.tsx": {
    "path": "/home/runner/workspace/rs-react-app/src/App.tsx",
    "statementMap": {
      "0": {
        "start": { "line": 10, "column": 22 },
        "end": { "line": 10, "column": null }
      },
      "1": {
        "start": { "line": 11, "column": 21 },
        "end": { "line": 11, "column": null }
      },
      "2": {
        "start": { "line": 12, "column": 9 },
        "end": { "line": 12, "column": null }
      },
      "3": {
        "start": { "line": 14, "column": 8 },
        "end": { "line": 17, "column": null }
      },
      "4": {
        "start": { "line": 15, "column": 4 },
        "end": { "line": 15, "column": null }
      },
      "5": {
        "start": { "line": 16, "column": 4 },
        "end": { "line": 16, "column": null }
      },
      "6": {
        "start": { "line": 19, "column": 8 },
        "end": { "line": 21, "column": null }
      },
      "7": {
        "start": { "line": 20, "column": 4 },
        "end": { "line": 20, "column": null }
      },
      "8": {
        "start": { "line": 23, "column": 8 },
        "end": { "line": 25, "column": null }
      },
      "9": {
        "start": { "line": 24, "column": 4 },
        "end": { "line": 24, "column": null }
      },
      "10": {
        "start": { "line": 27, "column": 2 },
        "end": { "line": 84, "column": null }
      },
      "11": {
        "start": { "line": 41, "column": 27 },
        "end": { "line": 41, "column": null }
      },
      "12": {
        "start": { "line": 47, "column": 27 },
        "end": { "line": 47, "column": null }
      }
    },
    "fnMap": {
      "0": {
        "name": "App",
        "decl": {
          "start": { "line": 9, "column": 9 },
          "end": { "line": 9, "column": 15 }
        },
        "loc": {
          "start": { "line": 9, "column": 15 },
          "end": { "line": 86, "column": null }
        },
        "line": 9
      },
      "1": {
        "name": "(anonymous_1)",
        "decl": {
          "start": { "line": 14, "column": 8 },
          "end": { "line": 14, "column": 21 }
        },
        "loc": {
          "start": { "line": 14, "column": 58 },
          "end": { "line": 17, "column": null }
        },
        "line": 14
      },
      "2": {
        "name": "(anonymous_2)",
        "decl": {
          "start": { "line": 19, "column": 8 },
          "end": { "line": 19, "column": 27 }
        },
        "loc": {
          "start": { "line": 19, "column": 27 },
          "end": { "line": 21, "column": null }
        },
        "line": 19
      },
      "3": {
        "name": "(anonymous_3)",
        "decl": {
          "start": { "line": 23, "column": 8 },
          "end": { "line": 23, "column": 34 }
        },
        "loc": {
          "start": { "line": 23, "column": 34 },
          "end": { "line": 25, "column": null }
        },
        "line": 23
      },
      "4": {
        "name": "(anonymous_4)",
        "decl": {
          "start": { "line": 41, "column": 12 },
          "end": { "line": 41, "column": 27 }
        },
        "loc": {
          "start": { "line": 41, "column": 27 },
          "end": { "line": 41, "column": null }
        },
        "line": 41
      },
      "5": {
        "name": "(anonymous_5)",
        "decl": {
          "start": { "line": 47, "column": 12 },
          "end": { "line": 47, "column": 27 }
        },
        "loc": {
          "start": { "line": 47, "column": 27 },
          "end": { "line": 47, "column": null }
        },
        "line": 47
      }
    },
    "branchMap": {
      "0": {
        "loc": {
          "start": { "line": 65, "column": 12 },
          "end": { "line": 67, "column": null }
        },
        "type": "cond-expr",
        "locations": [
          {
            "start": { "line": 66, "column": 16 },
            "end": { "line": 66, "column": null }
          },
          {
            "start": { "line": 67, "column": 16 },
            "end": { "line": 67, "column": null }
          }
        ],
        "line": 65
      },
      "1": {
        "loc": {
          "start": { "line": 70, "column": 11 },
          "end": { "line": 76, "column": 26 }
        },
        "type": "binary-expr",
        "locations": [
          {
            "start": { "line": 70, "column": 11 },
            "end": { "line": 70, "column": null }
          },
          {
            "start": { "line": 71, "column": 12 },
            "end": { "line": 76, "column": 26 }
          }
        ],
        "line": 70
      },
      "2": {
        "loc": {
          "start": { "line": 76, "column": 11 },
          "end": { "line": 82, "column": null }
        },
        "type": "binary-expr",
        "locations": [
          {
            "start": { "line": 76, "column": 11 },
            "end": { "line": 76, "column": null }
          },
          {
            "start": { "line": 77, "column": 12 },
            "end": { "line": 82, "column": null }
          }
        ],
        "line": 76
      }
    },
    "s": {
      "0": 29,
      "1": 29,
      "2": 29,
      "3": 29,
      "4": 9,
      "5": 9,
      "6": 29,
      "7": 3,
      "8": 29,
      "9": 1,
      "10": 29,
      "11": 6,
      "12": 3
    },
    "f": { "0": 29, "1": 9, "2": 3, "3": 1, "4": 6, "5": 3 },
    "b": { "0": [9, 20], "1": [29, 9], "2": [29, 3] },
    "meta": {
      "lastBranch": 3,
      "lastFunction": 6,
      "lastStatement": 13,
      "seen": {
        "f:9:9:9:15": 0,
        "s:10:22:10:Infinity": 0,
        "s:11:21:11:Infinity": 1,
        "s:12:9:12:Infinity": 2,
        "s:14:8:17:Infinity": 3,
        "f:14:8:14:21": 1,
        "s:15:4:15:Infinity": 4,
        "s:16:4:16:Infinity": 5,
        "s:19:8:21:Infinity": 6,
        "f:19:8:19:27": 2,
        "s:20:4:20:Infinity": 7,
        "s:23:8:25:Infinity": 8,
        "f:23:8:23:34": 3,
        "s:24:4:24:Infinity": 9,
        "s:27:2:84:Infinity": 10,
        "f:41:12:41:27": 4,
        "s:41:27:41:Infinity": 11,
        "f:47:12:47:27": 5,
        "s:47:27:47:Infinity": 12,
        "b:66:16:66:Infinity:67:16:67:Infinity": 0,
        "b:70:11:70:Infinity:71:12:76:26": 1,
        "b:76:11:76:Infinity:77:12:82:Infinity": 2
      }
    }
  },
  "/home/runner/workspace/rs-react-app/src/main.tsx": {
    "path": "/home/runner/workspace/rs-react-app/src/main.tsx",
    "statementMap": {
      "0": {
        "start": { "line": 6, "column": 0 },
        "end": { "line": 10, "column": null }
      }
    },
    "fnMap": {},
    "branchMap": {},
    "s": { "0": 1 },
    "f": {},
    "b": {},
    "meta": {
      "lastBranch": 0,
      "lastFunction": 0,
      "lastStatement": 1,
      "seen": { "s:6:0:10:Infinity": 0 }
    }
  },
  "/home/runner/workspace/rs-react-app/src/components/Forms/ReactHookForm.tsx": {
    "path": "/home/runner/workspace/rs-react-app/src/components/Forms/ReactHookForm.tsx",
    "statementMap": {
      "0": {
        "start": { "line": 14, "column": 13 },
        "end": { "line": 278, "column": null }
      },
      "1": {
        "start": { "line": 15, "column": 8 },
        "end": { "line": 15, "column": null }
      },
      "2": {
        "start": { "line": 15, "column": 54 },
        "end": { "line": 15, "column": 73 }
      },
      "3": {
        "start": { "line": 24, "column": 4 },
        "end": { "line": 39, "column": null }
      },
      "4": {
        "start": { "line": 40, "column": 26 },
        "end": { "line": 40, "column": null }
      },
      "5": {
        "start": { "line": 42, "column": 8 },
        "end": { "line": 62, "column": null }
      },
      "6": {
        "start": { "line": 43, "column": 23 },
        "end": { "line": 53, "column": null }
      },
      "7": {
        "start": { "line": 55, "column": 4 },
        "end": { "line": 58, "column": null }
      },
      "8": {
        "start": { "line": 60, "column": 4 },
        "end": { "line": 60, "column": null }
      },
      "9": {
        "start": { "line": 61, "column": 4 },
        "end": { "line": 61, "column": null }
      },
      "10": {
        "start": { "line": 64, "column": 2 },
        "end": { "line": 276, "column": null }
      },
      "11": {
        "start": { "line": 189, "column": 12 },
        "end": { "line": 189, "column": null }
      },
      "12": {
        "start": { "line": 190, "column": 12 },
        "end": { "line": 190, "column": null }
      },
      "13": {
        "start": { "line": 249, "column": 12 },
        "end": { "line": 249, "column": null }
      },
      "14": {
        "start": { "line": 250, "column": 12 },
        "end": { "line": 250, "column": null }
      }
    },
    "fnMap": {
      "0": {
        "name": "(anonymous_0)",
        "decl": {
          "start": { "line": 14, "column": 13 },
          "end": { "line": 14, "column": 30 }
        },
        "loc": {
          "start": { "line": 14, "column": 78 },
          "end": { "line": 278, "column": null }
        },
        "line": 14
      },
      "1": {
        "name": "(anonymous_1)",
        "decl": {
          "start": { "line": 15, "column": 24 },
          "end": { "line": 15, "column": 44 }
        },
        "loc": {
          "start": { "line": 15, "column": 54 },
          "end": { "line": 15, "column": 73 }
        },
        "line": 15
      },
      "2": {
        "name": "(anonymous_2)",
        "decl": {
          "start": { "line": 42, "column": 8 },
          "end": { "line": 42, "column": 20 }
        },
        "loc": {
          "start": { "line": 42, "column": 39 },
          "end": { "line": 62, "column": null }
        },
        "line": 42
      },
      "3": {
        "name": "(anonymous_3)",
        "decl": {
          "start": { "line": 188, "column": 10 },
          "end": { "line": 188, "column": 21 }
        },
        "loc": {
          "start": { "line": 188, "column": 32 },
          "end": { "line": 191, "column": null }
        },
        "line": 188
      },
      "4": {
        "name": "(anonymous_4)",
        "decl": {
          "start": { "line": 248, "column": 10 },
          "end": { "line": 248, "column": 21 }
        },
        "loc": {
          "start": { "line": 248, "column": 31 },
          "end": { "line": 251, "column": null }
        },
        "line": 248
      }
    },
    "branchMap": {
      "0": {
        "loc": {
          "start": { "line": 49, "column": 14 },
          "end": { "line": 49, "column": null }
        },
        "type": "binary-expr",
        "locations": [
          {
            "start": { "line": 49, "column": 14 },
            "end": { "line": 49, "column": 29 }
          },
          {
            "start": { "line": 49, "column": 29 },
            "end": { "line": 49, "column": null }
          }
        ],
        "line": 49
      },
      "1": {
        "loc": {
          "start": { "line": 50, "column": 16 },
          "end": { "line": 50, "column": null }
        },
        "type": "binary-expr",
        "locations": [
          {
            "start": { "line": 50, "column": 16 },
            "end": { "line": 50, "column": 33 }
          },
          {
            "start": { "line": 50, "column": 33 },
            "end": { "line": 50, "column": null }
          }
        ],
        "line": 50
      },
      "2": {
        "loc": {
          "start": { "line": 51, "column": 23 },
          "end": { "line": 51, "column": null }
        },
        "type": "binary-expr",
        "locations": [
          {
            "start": { "line": 51, "column": 23 },
            "end": { "line": 51, "column": 47 }
          },
          {
            "start": { "line": 51, "column": 47 },
            "end": { "line": 51, "column": null }
          }
        ],
        "line": 51
      },
      "3": {
        "loc": {
          "start": { "line": 52, "column": 15 },
          "end": { "line": 52, "column": null }
        },
        "type": "binary-expr",
        "locations": [
          {
            "start": { "line": 52, "column": 15 },
            "end": { "line": 52, "column": 31 }
          },
          {
            "start": { "line": 52, "column": 31 },
            "end": { "line": 52, "column": null }
          }
        ],
        "line": 52
      },
      "4": {
        "loc": {
          "start": { "line": 78, "column": 12 },
          "end": { "line": 78, "column": null }
        },
        "type": "cond-expr",
        "locations": [
          {
            "start": { "line": 78, "column": 26 },
            "end": { "line": 78, "column": 45 }
          },
          {
            "start": { "line": 78, "column": 45 },
            "end": { "line": 78, "column": null }
          }
        ],
        "line": 78
      },
      "5": {
        "loc": {
          "start": { "line": 81, "column": 9 },
          "end": { "line": 82, "column": null }
        },
        "type": "binary-expr",
        "locations": [
          {
            "start": { "line": 81, "column": 9 },
            "end": { "line": 81, "column": null }
          },
          {
            "start": { "line": 82, "column": 10 },
            "end": { "line": 82, "column": null }
          }
        ],
        "line": 81
      },
      "6": {
        "loc": {
          "start": { "line": 98, "column": 12 },
          "end": { "line": 98, "column": null }
        },
        "type": "cond-expr",
        "locations": [
          {
            "start": { "line": 98, "column": 25 },
            "end": { "line": 98, "column": 44 }
          },
          {
            "start": { "line": 98, "column": 44 },
            "end": { "line": 98, "column": null }
          }
        ],
        "line": 98
      },
      "7": {
        "loc": {
          "start": { "line": 101, "column": 9 },
          "end": { "line": 102, "column": null }
        },
        "type": "binary-expr",
        "locations": [
          {
            "start": { "line": 101, "column": 9 },
            "end": { "line": 101, "column": null }
          },
          {
            "start": { "line": 102, "column": 10 },
            "end": { "line": 102, "column": null }
          }
        ],
        "line": 101
      },
      "8": {
        "loc": {
          "start": { "line": 118, "column": 12 },
          "end": { "line": 118, "column": null }
        },
        "type": "cond-expr",
        "locations": [
          {
            "start": { "line": 118, "column": 27 },
            "end": { "line": 118, "column": 46 }
          },
          {
            "start": { "line": 118, "column": 46 },
            "end": { "line": 118, "column": null }
          }
        ],
        "line": 118
      },
      "9": {
        "loc": {
          "start": { "line": 121, "column": 9 },
          "end": { "line": 122, "column": null }
        },
        "type": "binary-expr",
        "locations": [
          {
            "start": { "line": 121, "column": 9 },
            "end": { "line": 121, "column": null }
          },
          {
            "start": { "line": 122, "column": 10 },
            "end": { "line": 122, "column": null }
          }
        ],
        "line": 121
      },
      "10": {
        "loc": {
          "start": { "line": 159, "column": 9 },
          "end": { "line": 160, "column": null }
        },
        "type": "binary-expr",
        "locations": [
          {
            "start": { "line": 159, "column": 9 },
            "end": { "line": 159, "column": null }
          },
          {
            "start": { "line": 160, "column": 10 },
            "end": { "line": 160, "column": null }
          }
        ],
        "line": 159
      },
      "11": {
        "loc": {
          "start": { "line": 175, "column": 9 },
          "end": { "line": 180, "column": null }
        },
        "type": "binary-expr",
        "locations": [
          {
            "start": { "line": 175, "column": 9 },
            "end": { "line": 175, "column": null }
          },
          {
            "start": { "line": 176, "column": 10 },
            "end": { "line": 180, "column": null }
          }
        ],
        "line": 175
      },
      "12": {
        "loc": {
          "start": { "line": 187, "column": 17 },
          "end": { "line": 187, "column": null }
        },
        "type": "binary-expr",
        "locations": [
          {
            "start": { "line": 187, "column": 17 },
            "end": { "line": 187, "column": 36 }
          },
          {
            "start": { "line": 187, "column": 36 },
            "end": { "line": 187, "column": null }
          }
        ],
        "line": 187
      },
      "13": {
        "loc": {
          "start": { "line": 207, "column": 12 },
          "end": { "line": 207, "column": null }
        },
        "type": "cond-expr",
        "locations": [
          {
            "start": { "line": 207, "column": 30 },
            "end": { "line": 207, "column": 49 }
          },
          {
            "start": { "line": 207, "column": 49 },
            "end": { "line": 207, "column": null }
          }
        ],
        "line": 207
      },
      "14": {
        "loc": {
          "start": { "line": 210, "column": 9 },
          "end": { "line": 211, "column": null }
        },
        "type": "binary-expr",
        "locations": [
          {
            "start": { "line": 210, "column": 9 },
            "end": { "line": 210, "column": null }
          },
          {
            "start": { "line": 211, "column": 10 },
            "end": { "line": 211, "column": null }
          }
        ],
        "line": 210
      },
      "15": {
        "loc": {
          "start": { "line": 213, "column": 9 },
          "end": { "line": 214, "column": null }
        },
        "type": "binary-expr",
        "locations": [
          {
            "start": { "line": 213, "column": 9 },
            "end": { "line": 213, "column": null }
          },
          {
            "start": { "line": 214, "column": 10 },
            "end": { "line": 214, "column": null }
          }
        ],
        "line": 213
      },
      "16": {
        "loc": {
          "start": { "line": 229, "column": 12 },
          "end": { "line": 229, "column": null }
        },
        "type": "cond-expr",
        "locations": [
          {
            "start": { "line": 229, "column": 37 },
            "end": { "line": 229, "column": 56 }
          },
          {
            "start": { "line": 229, "column": 56 },
            "end": { "line": 229, "column": null }
          }
        ],
        "line": 229
      },
      "17": {
        "loc": {
          "start": { "line": 232, "column": 9 },
          "end": { "line": 235, "column": null }
        },
        "type": "binary-expr",
        "locations": [
          {
            "start": { "line": 232, "column": 9 },
            "end": { "line": 232, "column": null }
          },
          {
            "start": { "line": 233, "column": 10 },
            "end": { "line": 235, "column": null }
          }
        ],
        "line": 232
      },
      "18": {
        "loc": {
          "start": { "line": 247, "column": 17 },
          "end": { "line": 247, "column": null }
        },
        "type": "binary-expr",
        "locations": [
          {
            "start": { "line": 247, "column": 17 },
            "end": { "line": 247, "column": 37 }
          },
          {
            "start": { "line": 247, "column": 37 },
            "end": { "line": 247, "column": null }
          }
        ],
        "line": 247
      },
      "19": {
        "loc": {
          "start": { "line": 268, "column": 12 },
          "end": { "line": 270, "column": null }
        },
        "type": "cond-expr",
        "locations": [
          {
            "start": { "line": 269, "column": 16 },
            "end": { "line": 269, "column": null }
          },
          {
            "start": { "line": 270, "column": 16 },
            "end": { "line": 270, "column": null }
          }
        ],
        "line": 268
      }
    },
    "s": {
      "0": 1,
      "1": 38,
      "2": 38,
      "3": 38,
      "4": 38,
      "5": 38,
      "6": 0,
      "7": 0,
      "8": 0,
      "9": 0,
      "10": 38,
      "11": 1,
      "12": 1,
      "13": 7,
      "14": 7
    },
    "f": { "0": 38, "1": 38, "2": 0, "3": 1, "4": 7 },
    "b": {
      "0": [0, 0],
      "1": [0, 0],
      "2": [0, 0],
      "3": [0, 0],
      "4": [2, 36],
      "5": [38, 2],
      "6": [4, 34],
      "7": [38, 4],
      "8": [2, 36],
      "9": [38, 2],
      "10": [38, 1],
      "11": [38, 1],
      "12": [38, 36],
      "13": [1, 37],
      "14": [38, 1],
      "15": [38, 0],
      "16": [0, 38],
      "17": [38, 0],
      "18": [38, 24],
      "19": [0, 38]
    },
    "meta": {
      "lastBranch": 20,
      "lastFunction": 5,
      "lastStatement": 15,
      "seen": {
        "s:14:13:278:Infinity": 0,
        "f:14:13:14:30": 0,
        "s:15:8:15:Infinity": 1,
        "f:15:24:15:44": 1,
        "s:15:54:15:73": 2,
        "s:24:4:39:Infinity": 3,
        "s:40:26:40:Infinity": 4,
        "s:42:8:62:Infinity": 5,
        "f:42:8:42:20": 2,
        "s:43:23:53:Infinity": 6,
        "b:49:14:49:29:49:29:49:Infinity": 0,
        "b:50:16:50:33:50:33:50:Infinity": 1,
        "b:51:23:51:47:51:47:51:Infinity": 2,
        "b:52:15:52:31:52:31:52:Infinity": 3,
        "s:55:4:58:Infinity": 7,
        "s:60:4:60:Infinity": 8,
        "s:61:4:61:Infinity": 9,
        "s:64:2:276:Infinity": 10,
        "b:78:26:78:45:78:45:78:Infinity": 4,
        "b:81:9:81:Infinity:82:10:82:Infinity": 5,
        "b:98:25:98:44:98:44:98:Infinity": 6,
        "b:101:9:101:Infinity:102:10:102:Infinity": 7,
        "b:118:27:118:46:118:46:118:Infinity": 8,
        "b:121:9:121:Infinity:122:10:122:Infinity": 9,
        "b:159:9:159:Infinity:160:10:160:Infinity": 10,
        "b:175:9:175:Infinity:176:10:180:Infinity": 11,
        "b:187:17:187:36:187:36:187:Infinity": 12,
        "f:188:10:188:21": 3,
        "s:189:12:189:Infinity": 11,
        "s:190:12:190:Infinity": 12,
        "b:207:30:207:49:207:49:207:Infinity": 13,
        "b:210:9:210:Infinity:211:10:211:Infinity": 14,
        "b:213:9:213:Infinity:214:10:214:Infinity": 15,
        "b:229:37:229:56:229:56:229:Infinity": 16,
        "b:232:9:232:Infinity:233:10:235:Infinity": 17,
        "b:247:17:247:37:247:37:247:Infinity": 18,
        "f:248:10:248:21": 4,
        "s:249:12:249:Infinity": 13,
        "s:250:12:250:Infinity": 14,
        "b:269:16:269:Infinity:270:16:270:Infinity": 19
      }
    }
  },
  "/home/runner/workspace/rs-react-app/src/components/Forms/UncontrolledForm.tsx": {
    "path": "/home/runner/workspace/rs-react-app/src/components/Forms/UncontrolledForm.tsx",
    "statementMap": {
      "0": {
        "start": { "line": 13, "column": 13 },
        "end": { "line": 297, "column": null }
      },
      "1": {
        "start": { "line": 17, "column": 8 },
        "end": { "line": 17, "column": null }
      },
      "2": {
        "start": { "line": 17, "column": 54 },
        "end": { "line": 17, "column": 73 }
      },
      "3": {
        "start": { "line": 19, "column": 8 },
        "end": { "line": 19, "column": null }
      },
      "4": {
        "start": { "line": 20, "column": 8 },
        "end": { "line": 20, "column": null }
      },
      "5": {
        "start": { "line": 21, "column": 8 },
        "end": { "line": 21, "column": null }
      },
      "6": {
        "start": { "line": 22, "column": 8 },
        "end": { "line": 22, "column": null }
      },
      "7": {
        "start": { "line": 23, "column": 8 },
        "end": { "line": 23, "column": null }
      },
      "8": {
        "start": { "line": 24, "column": 8 },
        "end": { "line": 24, "column": null }
      },
      "9": {
        "start": { "line": 25, "column": 8 },
        "end": { "line": 25, "column": null }
      },
      "10": {
        "start": { "line": 27, "column": 17 },
        "end": { "line": 27, "column": null }
      },
      "11": {
        "start": { "line": 28, "column": 24 },
        "end": { "line": 28, "column": null }
      },
      "12": {
        "start": { "line": 29, "column": 17 },
        "end": { "line": 29, "column": null }
      },
      "13": {
        "start": { "line": 30, "column": 18 },
        "end": { "line": 30, "column": null }
      },
      "14": {
        "start": { "line": 32, "column": 8 },
        "end": { "line": 92, "column": null }
      },
      "15": {
        "start": { "line": 33, "column": 4 },
        "end": { "line": 33, "column": null }
      },
      "16": {
        "start": { "line": 35, "column": 21 },
        "end": { "line": 46, "column": null }
      },
      "17": {
        "start": { "line": 48, "column": 19 },
        "end": { "line": 48, "column": null }
      },
      "18": {
        "start": { "line": 50, "column": 4 },
        "end": { "line": 59, "column": null }
      },
      "19": {
        "start": { "line": 51, "column": 54 },
        "end": { "line": 51, "column": null }
      },
      "20": {
        "start": { "line": 52, "column": 6 },
        "end": { "line": 56, "column": null }
      },
      "21": {
        "start": { "line": 53, "column": 8 },
        "end": { "line": 55, "column": null }
      },
      "22": {
        "start": { "line": 54, "column": 10 },
        "end": { "line": 54, "column": null }
      },
      "23": {
        "start": { "line": 57, "column": 6 },
        "end": { "line": 57, "column": null }
      },
      "24": {
        "start": { "line": 58, "column": 6 },
        "end": { "line": 58, "column": null }
      },
      "25": {
        "start": { "line": 61, "column": 4 },
        "end": { "line": 61, "column": null }
      },
      "26": {
        "start": { "line": 63, "column": 23 },
        "end": { "line": 73, "column": null }
      },
      "27": {
        "start": { "line": 75, "column": 4 },
        "end": { "line": 78, "column": null }
      },
      "28": {
        "start": { "line": 80, "column": 4 },
        "end": { "line": 80, "column": null }
      },
      "29": {
        "start": { "line": 80, "column": 25 },
        "end": { "line": 80, "column": null }
      },
      "30": {
        "start": { "line": 81, "column": 4 },
        "end": { "line": 81, "column": null }
      },
      "31": {
        "start": { "line": 81, "column": 24 },
        "end": { "line": 81, "column": null }
      },
      "32": {
        "start": { "line": 82, "column": 4 },
        "end": { "line": 82, "column": null }
      },
      "33": {
        "start": { "line": 82, "column": 26 },
        "end": { "line": 82, "column": null }
      },
      "34": {
        "start": { "line": 83, "column": 4 },
        "end": { "line": 83, "column": null }
      },
      "35": {
        "start": { "line": 83, "column": 27 },
        "end": { "line": 83, "column": null }
      },
      "36": {
        "start": { "line": 84, "column": 4 },
        "end": { "line": 84, "column": null }
      },
      "37": {
        "start": { "line": 84, "column": 26 },
        "end": { "line": 84, "column": null }
      },
      "38": {
        "start": { "line": 85, "column": 4 },
        "end": { "line": 85, "column": null }
      },
      "39": {
        "start": { "line": 85, "column": 29 },
        "end": { "line": 85, "column": null }
      },
      "40": {
        "start": { "line": 86, "column": 4 },
        "end": { "line": 86, "column": null }
      },
      "41": {
        "start": { "line": 86, "column": 36 },
        "end": { "line": 86, "column": null }
      },
      "42": {
        "start": { "line": 87, "column": 4 },
        "end": { "line": 87, "column": null }
      },
      "43": {
        "start": { "line": 88, "column": 4 },
        "end": { "line": 88, "column": null }
      },
      "44": {
        "start": { "line": 89, "column": 4 },
        "end": { "line": 89, "column": null }
      },
      "45": {
        "start": { "line": 91, "column": 4 },
        "end": { "line": 91, "column": null }
      },
      "46": {
        "start": { "line": 94, "column": 2 },
        "end": { "line": 295, "column": null }
      },
      "47": {
        "start": { "line": 102, "column": 32 },
        "end": { "line": 102, "column": null }
      },
      "48": {
        "start": { "line": 232, "column": 27 },
        "end": { "line": 232, "column": null }
      },
      "49": {
        "start": { "line": 274, "column": 31 },
        "end": { "line": 274, "column": null }
      }
    },
    "fnMap": {
      "0": {
        "name": "(anonymous_0)",
        "decl": {
          "start": { "line": 13, "column": 13 },
          "end": { "line": 13, "column": 33 }
        },
        "loc": {
          "start": { "line": 16, "column": 29 },
          "end": { "line": 297, "column": null }
        },
        "line": 16
      },
      "1": {
        "name": "(anonymous_1)",
        "decl": {
          "start": { "line": 17, "column": 24 },
          "end": { "line": 17, "column": 44 }
        },
        "loc": {
          "start": { "line": 17, "column": 54 },
          "end": { "line": 17, "column": 73 }
        },
        "line": 17
      },
      "2": {
        "name": "(anonymous_2)",
        "decl": {
          "start": { "line": 32, "column": 8 },
          "end": { "line": 32, "column": 24 }
        },
        "loc": {
          "start": { "line": 32, "column": 47 },
          "end": { "line": 92, "column": null }
        },
        "line": 32
      },
      "3": {
        "name": "(anonymous_3)",
        "decl": {
          "start": { "line": 52, "column": 26 },
          "end": { "line": 52, "column": 35 }
        },
        "loc": {
          "start": { "line": 52, "column": 43 },
          "end": { "line": 56, "column": 7 }
        },
        "line": 52
      },
      "4": {
        "name": "(anonymous_4)",
        "decl": {
          "start": { "line": 102, "column": 10 },
          "end": { "line": 102, "column": 21 }
        },
        "loc": {
          "start": { "line": 102, "column": 32 },
          "end": { "line": 102, "column": null }
        },
        "line": 102
      },
      "5": {
        "name": "(anonymous_5)",
        "decl": {
          "start": { "line": 232, "column": 10 },
          "end": { "line": 232, "column": 21 }
        },
        "loc": {
          "start": { "line": 232, "column": 27 },
          "end": { "line": 232, "column": null }
        },
        "line": 232
      },
      "6": {
        "name": "(anonymous_6)",
        "decl": {
          "start": { "line": 274, "column": 10 },
          "end": { "line": 274, "column": 21 }
        },
        "loc": {
          "start": { "line": 274, "column": 31 },
          "end": { "line": 274, "column": null }
        },
        "line": 274
      }
    },
    "branchMap": {
      "0": {
        "loc": {
          "start": { "line": 36, "column": 12 },
          "end": { "line": 36, "column": null }
        },
        "type": "binary-expr",
        "locations": [
          {
            "start": { "line": 36, "column": 12 },
            "end": { "line": 36, "column": 38 }
          },
          {
            "start": { "line": 36, "column": 38 },
            "end": { "line": 36, "column": null }
          }
        ],
        "line": 36
      },
      "1": {
        "loc": {
          "start": { "line": 38, "column": 13 },
          "end": { "line": 38, "column": null }
        },
        "type": "binary-expr",
        "locations": [
          {
            "start": { "line": 38, "column": 13 },
            "end": { "line": 38, "column": 40 }
          },
          {
            "start": { "line": 38, "column": 40 },
            "end": { "line": 38, "column": null }
          }
        ],
        "line": 38
      },
      "2": {
        "loc": {
          "start": { "line": 40, "column": 9 },
          "end": { "line": 40, "column": null }
        },
        "type": "binary-expr",
        "locations": [
          {
            "start": { "line": 40, "column": 9 },
            "end": { "line": 40, "column": 69 }
          },
          {
            "start": { "line": 40, "column": 69 },
            "end": { "line": 40, "column": null }
          }
        ],
        "line": 40
      },
      "3": {
        "loc": {
          "start": { "line": 41, "column": 21 },
          "end": { "line": 41, "column": null }
        },
        "type": "binary-expr",
        "locations": [
          {
            "start": { "line": 41, "column": 21 },
            "end": { "line": 41, "column": 50 }
          },
          {
            "start": { "line": 41, "column": 50 },
            "end": { "line": 41, "column": null }
          }
        ],
        "line": 41
      },
      "4": {
        "loc": {
          "start": { "line": 43, "column": 16 },
          "end": { "line": 43, "column": null }
        },
        "type": "binary-expr",
        "locations": [
          {
            "start": { "line": 43, "column": 16 },
            "end": { "line": 43, "column": 46 }
          },
          {
            "start": { "line": 43, "column": 46 },
            "end": { "line": 43, "column": null }
          }
        ],
        "line": 43
      },
      "5": {
        "loc": {
          "start": { "line": 44, "column": 23 },
          "end": { "line": 44, "column": null }
        },
        "type": "binary-expr",
        "locations": [
          {
            "start": { "line": 44, "column": 23 },
            "end": { "line": 44, "column": 60 }
          },
          {
            "start": { "line": 44, "column": 60 },
            "end": { "line": 44, "column": null }
          }
        ],
        "line": 44
      },
      "6": {
        "loc": {
          "start": { "line": 50, "column": 4 },
          "end": { "line": 59, "column": null }
        },
        "type": "if",
        "locations": [
          {
            "start": { "line": 50, "column": 4 },
            "end": { "line": 59, "column": null }
          },
          { "start": {}, "end": {} }
        ],
        "line": 50
      },
      "7": {
        "loc": {
          "start": { "line": 53, "column": 8 },
          "end": { "line": 55, "column": null }
        },
        "type": "if",
        "locations": [
          {
            "start": { "line": 53, "column": 8 },
            "end": { "line": 55, "column": null }
          },
          { "start": {}, "end": {} }
        ],
        "line": 53
      },
      "8": {
        "loc": {
          "start": { "line": 69, "column": 14 },
          "end": { "line": 69, "column": null }
        },
        "type": "binary-expr",
        "locations": [
          {
            "start": { "line": 69, "column": 14 },
            "end": { "line": 69, "column": 36 }
          },
          {
            "start": { "line": 69, "column": 36 },
            "end": { "line": 69, "column": null }
          }
        ],
        "line": 69
      },
      "9": {
        "loc": {
          "start": { "line": 70, "column": 16 },
          "end": { "line": 70, "column": null }
        },
        "type": "binary-expr",
        "locations": [
          {
            "start": { "line": 70, "column": 16 },
            "end": { "line": 70, "column": 40 }
          },
          {
            "start": { "line": 70, "column": 40 },
            "end": { "line": 70, "column": null }
          }
        ],
        "line": 70
      },
      "10": {
        "loc": {
          "start": { "line": 71, "column": 23 },
          "end": { "line": 71, "column": null }
        },
        "type": "binary-expr",
        "locations": [
          {
            "start": { "line": 71, "column": 23 },
            "end": { "line": 71, "column": 60 }
          },
          {
            "start": { "line": 71, "column": 60 },
            "end": { "line": 71, "column": null }
          }
        ],
        "line": 71
      },
      "11": {
        "loc": {
          "start": { "line": 72, "column": 15 },
          "end": { "line": 72, "column": null }
        },
        "type": "binary-expr",
        "locations": [
          {
            "start": { "line": 72, "column": 15 },
            "end": { "line": 72, "column": 38 }
          },
          {
            "start": { "line": 72, "column": 38 },
            "end": { "line": 72, "column": null }
          }
        ],
        "line": 72
      },
      "12": {
        "loc": {
          "start": { "line": 80, "column": 4 },
          "end": { "line": 80, "column": null }
        },
        "type": "if",
        "locations": [
          {
            "start": { "line": 80, "column": 4 },
            "end": { "line": 80, "column": null }
          },
          { "start": {}, "end": {} }
        ],
        "line": 80
      },
      "13": {
        "loc": {
          "start": { "line": 81, "column": 4 },
          "end": { "line": 81, "column": null }
        },
        "type": "if",
        "locations": [
          {
            "start": { "line": 81, "column": 4 },
            "end": { "line": 81, "column": null }
          },
          { "start": {}, "end": {} }
        ],
        "line": 81
      },
      "14": {
        "loc": {
          "start": { "line": 82, "column": 4 },
          "end": { "line": 82, "column": null }
        },
        "type": "if",
        "locations": [
          {
            "start": { "line": 82, "column": 4 },
            "end": { "line": 82, "column": null }
          },
          { "start": {}, "end": {} }
        ],
        "line": 82
      },
      "15": {
        "loc": {
          "start": { "line": 83, "column": 4 },
          "end": { "line": 83, "column": null }
        },
        "type": "if",
        "locations": [
          {
            "start": { "line": 83, "column": 4 },
            "end": { "line": 83, "column": null }
          },
          { "start": {}, "end": {} }
        ],
        "line": 83
      },
      "16": {
        "loc": {
          "start": { "line": 84, "column": 4 },
          "end": { "line": 84, "column": null }
        },
        "type": "if",
        "locations": [
          {
            "start": { "line": 84, "column": 4 },
            "end": { "line": 84, "column": null }
          },
          { "start": {}, "end": {} }
        ],
        "line": 84
      },
      "17": {
        "loc": {
          "start": { "line": 85, "column": 4 },
          "end": { "line": 85, "column": null }
        },
        "type": "if",
        "locations": [
          {
            "start": { "line": 85, "column": 4 },
            "end": { "line": 85, "column": null }
          },
          { "start": {}, "end": {} }
        ],
        "line": 85
      },
      "18": {
        "loc": {
          "start": { "line": 86, "column": 4 },
          "end": { "line": 86, "column": null }
        },
        "type": "if",
        "locations": [
          {
            "start": { "line": 86, "column": 4 },
            "end": { "line": 86, "column": null }
          },
          { "start": {}, "end": {} }
        ],
        "line": 86
      },
      "19": {
        "loc": {
          "start": { "line": 118, "column": 12 },
          "end": { "line": 118, "column": null }
        },
        "type": "cond-expr",
        "locations": [
          {
            "start": { "line": 118, "column": 26 },
            "end": { "line": 118, "column": 45 }
          },
          {
            "start": { "line": 118, "column": 45 },
            "end": { "line": 118, "column": null }
          }
        ],
        "line": 118
      },
      "20": {
        "loc": {
          "start": { "line": 121, "column": 9 },
          "end": { "line": 122, "column": null }
        },
        "type": "binary-expr",
        "locations": [
          {
            "start": { "line": 121, "column": 9 },
            "end": { "line": 121, "column": null }
          },
          {
            "start": { "line": 122, "column": 10 },
            "end": { "line": 122, "column": null }
          }
        ],
        "line": 121
      },
      "21": {
        "loc": {
          "start": { "line": 137, "column": 12 },
          "end": { "line": 137, "column": null }
        },
        "type": "cond-expr",
        "locations": [
          {
            "start": { "line": 137, "column": 25 },
            "end": { "line": 137, "column": 44 }
          },
          {
            "start": { "line": 137, "column": 44 },
            "end": { "line": 137, "column": null }
          }
        ],
        "line": 137
      },
      "22": {
        "loc": {
          "start": { "line": 140, "column": 9 },
          "end": { "line": 141, "column": null }
        },
        "type": "binary-expr",
        "locations": [
          {
            "start": { "line": 140, "column": 9 },
            "end": { "line": 140, "column": null }
          },
          {
            "start": { "line": 141, "column": 10 },
            "end": { "line": 141, "column": null }
          }
        ],
        "line": 140
      },
      "23": {
        "loc": {
          "start": { "line": 156, "column": 12 },
          "end": { "line": 156, "column": null }
        },
        "type": "cond-expr",
        "locations": [
          {
            "start": { "line": 156, "column": 27 },
            "end": { "line": 156, "column": 46 }
          },
          {
            "start": { "line": 156, "column": 46 },
            "end": { "line": 156, "column": null }
          }
        ],
        "line": 156
      },
      "24": {
        "loc": {
          "start": { "line": 159, "column": 9 },
          "end": { "line": 160, "column": null }
        },
        "type": "binary-expr",
        "locations": [
          {
            "start": { "line": 159, "column": 9 },
            "end": { "line": 159, "column": null }
          },
          {
            "start": { "line": 160, "column": 10 },
            "end": { "line": 160, "column": null }
          }
        ],
        "line": 159
      },
      "25": {
        "loc": {
          "start": { "line": 200, "column": 9 },
          "end": { "line": 201, "column": null }
        },
        "type": "binary-expr",
        "locations": [
          {
            "start": { "line": 200, "column": 9 },
            "end": { "line": 200, "column": null }
          },
          {
            "start": { "line": 201, "column": 10 },
            "end": { "line": 201, "column": null }
          }
        ],
        "line": 200
      },
      "26": {
        "loc": {
          "start": { "line": 216, "column": 9 },
          "end": { "line": 219, "column": null }
        },
        "type": "binary-expr",
        "locations": [
          {
            "start": { "line": 216, "column": 9 },
            "end": { "line": 216, "column": null }
          },
          {
            "start": { "line": 217, "column": 10 },
            "end": { "line": 219, "column": null }
          }
        ],
        "line": 216
      },
      "27": {
        "loc": {
          "start": { "line": 234, "column": 12 },
          "end": { "line": 234, "column": null }
        },
        "type": "cond-expr",
        "locations": [
          {
            "start": { "line": 234, "column": 30 },
            "end": { "line": 234, "column": 49 }
          },
          {
            "start": { "line": 234, "column": 49 },
            "end": { "line": 234, "column": null }
          }
        ],
        "line": 234
      },
      "28": {
        "loc": {
          "start": { "line": 237, "column": 9 },
          "end": { "line": 238, "column": null }
        },
        "type": "binary-expr",
        "locations": [
          {
            "start": { "line": 237, "column": 9 },
            "end": { "line": 237, "column": null }
          },
          {
            "start": { "line": 238, "column": 10 },
            "end": { "line": 238, "column": null }
          }
        ],
        "line": 237
      },
      "29": {
        "loc": {
          "start": { "line": 240, "column": 9 },
          "end": { "line": 241, "column": null }
        },
        "type": "binary-expr",
        "locations": [
          {
            "start": { "line": 240, "column": 9 },
            "end": { "line": 240, "column": null }
          },
          {
            "start": { "line": 241, "column": 10 },
            "end": { "line": 241, "column": null }
          }
        ],
        "line": 240
      },
      "30": {
        "loc": {
          "start": { "line": 257, "column": 12 },
          "end": { "line": 257, "column": null }
        },
        "type": "cond-expr",
        "locations": [
          {
            "start": { "line": 257, "column": 37 },
            "end": { "line": 257, "column": 56 }
          },
          {
            "start": { "line": 257, "column": 56 },
            "end": { "line": 257, "column": null }
          }
        ],
        "line": 257
      },
      "31": {
        "loc": {
          "start": { "line": 260, "column": 9 },
          "end": { "line": 261, "column": null }
        },
        "type": "binary-expr",
        "locations": [
          {
            "start": { "line": 260, "column": 9 },
            "end": { "line": 260, "column": null }
          },
          {
            "start": { "line": 261, "column": 10 },
            "end": { "line": 261, "column": null }
          }
        ],
        "line": 260
      }
    },
    "s": {
      "0": 1,
      "1": 18,
      "2": 18,
      "3": 18,
      "4": 18,
      "5": 18,
      "6": 18,
      "7": 18,
      "8": 18,
      "9": 18,
      "10": 18,
      "11": 18,
      "12": 18,
      "13": 18,
      "14": 18,
      "15": 4,
      "16": 4,
      "17": 4,
      "18": 4,
      "19": 4,
      "20": 4,
      "21": 45,
      "22": 45,
      "23": 4,
      "24": 4,
      "25": 0,
      "26": 0,
      "27": 4,
      "28": 4,
      "29": 0,
      "30": 0,
      "31": 0,
      "32": 0,
      "33": 0,
      "34": 0,
      "35": 0,
      "36": 0,
      "37": 0,
      "38": 0,
      "39": 0,
      "40": 0,
      "41": 0,
      "42": 0,
      "43": 0,
      "44": 0,
      "45": 0,
      "46": 18,
      "47": 1,
      "48": 0,
      "49": 7
    },
    "f": { "0": 18, "1": 18, "2": 4, "3": 45, "4": 1, "5": 0, "6": 7 },
    "b": {
      "0": [4, 3],
      "1": [4, 4],
      "2": [4, 0],
      "3": [4, 4],
      "4": [4, 4],
      "5": [4, 4],
      "6": [4, 0],
      "7": [45, 0],
      "8": [0, 0],
      "9": [4, 0],
      "10": [4, 0],
      "11": [4, 0],
      "12": [0, 4],
      "13": [0, 0],
      "14": [0, 0],
      "15": [0, 0],
      "16": [0, 0],
      "17": [0, 0],
      "18": [0, 0],
      "19": [4, 14],
      "20": [18, 4],
      "21": [2, 16],
      "22": [18, 2],
      "23": [4, 14],
      "24": [18, 4],
      "25": [18, 0],
      "26": [18, 4],
      "27": [4, 14],
      "28": [18, 4],
      "29": [18, 0],
      "30": [0, 18],
      "31": [18, 0]
    },
    "meta": {
      "lastBranch": 32,
      "lastFunction": 7,
      "lastStatement": 50,
      "seen": {
        "s:13:13:297:Infinity": 0,
        "f:13:13:13:33": 0,
        "s:17:8:17:Infinity": 1,
        "f:17:24:17:44": 1,
        "s:17:54:17:73": 2,
        "s:19:8:19:Infinity": 3,
        "s:20:8:20:Infinity": 4,
        "s:21:8:21:Infinity": 5,
        "s:22:8:22:Infinity": 6,
        "s:23:8:23:Infinity": 7,
        "s:24:8:24:Infinity": 8,
        "s:25:8:25:Infinity": 9,
        "s:27:17:27:Infinity": 10,
        "s:28:24:28:Infinity": 11,
        "s:29:17:29:Infinity": 12,
        "s:30:18:30:Infinity": 13,
        "s:32:8:92:Infinity": 14,
        "f:32:8:32:24": 2,
        "s:33:4:33:Infinity": 15,
        "s:35:21:46:Infinity": 16,
        "b:36:12:36:38:36:38:36:Infinity": 0,
        "b:38:13:38:40:38:40:38:Infinity": 1,
        "b:40:9:40:69:40:69:40:Infinity": 2,
        "b:41:21:41:50:41:50:41:Infinity": 3,
        "b:43:16:43:46:43:46:43:Infinity": 4,
        "b:44:23:44:60:44:60:44:Infinity": 5,
        "s:48:19:48:Infinity": 17,
        "b:50:4:59:Infinity:undefined:undefined:undefined:undefined": 6,
        "s:50:4:59:Infinity": 18,
        "s:51:54:51:Infinity": 19,
        "s:52:6:56:Infinity": 20,
        "f:52:26:52:35": 3,
        "b:53:8:55:Infinity:undefined:undefined:undefined:undefined": 7,
        "s:53:8:55:Infinity": 21,
        "s:54:10:54:Infinity": 22,
        "s:57:6:57:Infinity": 23,
        "s:58:6:58:Infinity": 24,
        "s:61:4:61:Infinity": 25,
        "s:63:23:73:Infinity": 26,
        "b:69:14:69:36:69:36:69:Infinity": 8,
        "b:70:16:70:40:70:40:70:Infinity": 9,
        "b:71:23:71:60:71:60:71:Infinity": 10,
        "b:72:15:72:38:72:38:72:Infinity": 11,
        "s:75:4:78:Infinity": 27,
        "b:80:4:80:Infinity:undefined:undefined:undefined:undefined": 12,
        "s:80:4:80:Infinity": 28,
        "s:80:25:80:Infinity": 29,
        "b:81:4:81:Infinity:undefined:undefined:undefined:undefined": 13,
        "s:81:4:81:Infinity": 30,
        "s:81:24:81:Infinity": 31,
        "b:82:4:82:Infinity:undefined:undefined:undefined:undefined": 14,
        "s:82:4:82:Infinity": 32,
        "s:82:26:82:Infinity": 33,
        "b:83:4:83:Infinity:undefined:undefined:undefined:undefined": 15,
        "s:83:4:83:Infinity": 34,
        "s:83:27:83:Infinity": 35,
        "b:84:4:84:Infinity:undefined:undefined:undefined:undefined": 16,
        "s:84:4:84:Infinity": 36,
        "s:84:26:84:Infinity": 37,
        "b:85:4:85:Infinity:undefined:undefined:undefined:undefined": 17,
        "s:85:4:85:Infinity": 38,
        "s:85:29:85:Infinity": 39,
        "b:86:4:86:Infinity:undefined:undefined:undefined:undefined": 18,
        "s:86:4:86:Infinity": 40,
        "s:86:36:86:Infinity": 41,
        "s:87:4:87:Infinity": 42,
        "s:88:4:88:Infinity": 43,
        "s:89:4:89:Infinity": 44,
        "s:91:4:91:Infinity": 45,
        "s:94:2:295:Infinity": 46,
        "f:102:10:102:21": 4,
        "s:102:32:102:Infinity": 47,
        "b:118:26:118:45:118:45:118:Infinity": 19,
        "b:121:9:121:Infinity:122:10:122:Infinity": 20,
        "b:137:25:137:44:137:44:137:Infinity": 21,
        "b:140:9:140:Infinity:141:10:141:Infinity": 22,
        "b:156:27:156:46:156:46:156:Infinity": 23,
        "b:159:9:159:Infinity:160:10:160:Infinity": 24,
        "b:200:9:200:Infinity:201:10:201:Infinity": 25,
        "b:216:9:216:Infinity:217:10:219:Infinity": 26,
        "f:232:10:232:21": 5,
        "s:232:27:232:Infinity": 48,
        "b:234:30:234:49:234:49:234:Infinity": 27,
        "b:237:9:237:Infinity:238:10:238:Infinity": 28,
        "b:240:9:240:Infinity:241:10:241:Infinity": 29,
        "b:257:37:257:56:257:56:257:Infinity": 30,
        "b:260:9:260:Infinity:261:10:261:Infinity": 31,
        "f:274:10:274:21": 6,
        "s:274:31:274:Infinity": 49
      }
    }
  },
  "/home/runner/workspace/rs-react-app/src/components/Forms/shared/CountryAutocomplete.tsx": {
    "path": "/home/runner/workspace/rs-react-app/src/components/Forms/shared/CountryAutocomplete.tsx",
    "statementMap": {
      "0": {
        "start": { "line": 13, "column": 13 },
        "end": { "line": 86, "column": null }
      },
      "1": {
        "start": { "line": 21, "column": 17 },
        "end": { "line": 21, "column": null }
      },
      "2": {
        "start": { "line": 22, "column": 21 },
        "end": { "line": 22, "column": null }
      },
      "3": {
        "start": { "line": 23, "column": 28 },
        "end": { "line": 24, "column": null }
      },
      "4": {
        "start": { "line": 25, "column": 8 },
        "end": { "line": 25, "column": null }
      },
      "5": {
        "start": { "line": 27, "column": 2 },
        "end": { "line": 29, "column": null }
      },
      "6": {
        "start": { "line": 28, "column": 4 },
        "end": { "line": 28, "column": null }
      },
      "7": {
        "start": { "line": 31, "column": 2 },
        "end": { "line": 36, "column": null }
      },
      "8": {
        "start": { "line": 32, "column": 21 },
        "end": { "line": 34, "column": null }
      },
      "9": {
        "start": { "line": 33, "column": 6 },
        "end": { "line": 33, "column": null }
      },
      "10": {
        "start": { "line": 35, "column": 4 },
        "end": { "line": 35, "column": null }
      },
      "11": {
        "start": { "line": 38, "column": 8 },
        "end": { "line": 42, "column": null }
      },
      "12": {
        "start": { "line": 39, "column": 4 },
        "end": { "line": 39, "column": null }
      },
      "13": {
        "start": { "line": 40, "column": 4 },
        "end": { "line": 40, "column": null }
      },
      "14": {
        "start": { "line": 41, "column": 4 },
        "end": { "line": 41, "column": null }
      },
      "15": {
        "start": { "line": 44, "column": 2 },
        "end": { "line": 84, "column": null }
      },
      "16": {
        "start": { "line": 52, "column": 10 },
        "end": { "line": 52, "column": null }
      },
      "17": {
        "start": { "line": 53, "column": 10 },
        "end": { "line": 53, "column": null }
      },
      "18": {
        "start": { "line": 54, "column": 10 },
        "end": { "line": 54, "column": null }
      },
      "19": {
        "start": { "line": 56, "column": 23 },
        "end": { "line": 56, "column": null }
      },
      "20": {
        "start": { "line": 68, "column": 12 },
        "end": { "line": 74, "column": null }
      },
      "21": {
        "start": { "line": 70, "column": 29 },
        "end": { "line": 70, "column": null }
      }
    },
    "fnMap": {
      "0": {
        "name": "(anonymous_0)",
        "decl": {
          "start": { "line": 13, "column": 13 },
          "end": { "line": 13, "column": 36 }
        },
        "loc": {
          "start": { "line": 20, "column": 32 },
          "end": { "line": 86, "column": null }
        },
        "line": 20
      },
      "1": {
        "name": "(anonymous_1)",
        "decl": {
          "start": { "line": 27, "column": 2 },
          "end": { "line": 27, "column": 18 }
        },
        "loc": {
          "start": { "line": 27, "column": 18 },
          "end": { "line": 29, "column": 5 }
        },
        "line": 27
      },
      "2": {
        "name": "(anonymous_2)",
        "decl": {
          "start": { "line": 31, "column": 2 },
          "end": { "line": 31, "column": 18 }
        },
        "loc": {
          "start": { "line": 31, "column": 18 },
          "end": { "line": 36, "column": 5 }
        },
        "line": 31
      },
      "3": {
        "name": "(anonymous_3)",
        "decl": {
          "start": { "line": 32, "column": 31 },
          "end": { "line": 32, "column": 39 }
        },
        "loc": {
          "start": { "line": 33, "column": 6 },
          "end": { "line": 33, "column": null }
        },
        "line": 33
      },
      "4": {
        "name": "(anonymous_4)",
        "decl": {
          "start": { "line": 38, "column": 8 },
          "end": { "line": 38, "column": 24 }
        },
        "loc": {
          "start": { "line": 38, "column": 45 },
          "end": { "line": 42, "column": null }
        },
        "line": 38
      },
      "5": {
        "name": "(anonymous_5)",
        "decl": {
          "start": { "line": 51, "column": 8 },
          "end": { "line": 51, "column": 19 }
        },
        "loc": {
          "start": { "line": 51, "column": 25 },
          "end": { "line": 55, "column": null }
        },
        "line": 51
      },
      "6": {
        "name": "(anonymous_6)",
        "decl": {
          "start": { "line": 56, "column": 8 },
          "end": { "line": 56, "column": 23 }
        },
        "loc": {
          "start": { "line": 56, "column": 23 },
          "end": { "line": 56, "column": null }
        },
        "line": 56
      },
      "7": {
        "name": "(anonymous_7)",
        "decl": {
          "start": { "line": 67, "column": 29 },
          "end": { "line": 67, "column": 34 }
        },
        "loc": {
          "start": { "line": 68, "column": 12 },
          "end": { "line": 74, "column": null }
        },
        "line": 68
      },
      "8": {
        "name": "(anonymous_8)",
        "decl": {
          "start": { "line": 70, "column": 14 },
          "end": { "line": 70, "column": 29 }
        },
        "loc": {
          "start": { "line": 70, "column": 29 },
          "end": { "line": 70, "column": null }
        },
        "line": 70
      }
    },
    "branchMap": {
      "0": {
        "loc": {
          "start": { "line": 18, "column": 2 },
          "end": { "line": 18, "column": null }
        },
        "type": "default-arg",
        "locations": [
          {
            "start": { "line": 18, "column": 7 },
            "end": { "line": 18, "column": null }
          }
        ],
        "line": 18
      },
      "1": {
        "loc": {
          "start": { "line": 19, "column": 2 },
          "end": { "line": 19, "column": null }
        },
        "type": "default-arg",
        "locations": [
          {
            "start": { "line": 19, "column": 9 },
            "end": { "line": 19, "column": null }
          }
        ],
        "line": 19
      },
      "2": {
        "loc": {
          "start": { "line": 59, "column": 10 },
          "end": { "line": 59, "column": null }
        },
        "type": "cond-expr",
        "locations": [
          {
            "start": { "line": 59, "column": 18 },
            "end": { "line": 59, "column": 37 }
          },
          {
            "start": { "line": 59, "column": 37 },
            "end": { "line": 59, "column": null }
          }
        ],
        "line": 59
      },
      "3": {
        "loc": {
          "start": { "line": 65, "column": 7 },
          "end": { "line": 76, "column": null }
        },
        "type": "binary-expr",
        "locations": [
          {
            "start": { "line": 65, "column": 7 },
            "end": { "line": 65, "column": 17 }
          },
          {
            "start": { "line": 65, "column": 17 },
            "end": { "line": 65, "column": null }
          },
          {
            "start": { "line": 66, "column": 8 },
            "end": { "line": 76, "column": null }
          }
        ],
        "line": 65
      },
      "4": {
        "loc": {
          "start": { "line": 79, "column": 7 },
          "end": { "line": 82, "column": null }
        },
        "type": "binary-expr",
        "locations": [
          {
            "start": { "line": 79, "column": 7 },
            "end": { "line": 79, "column": 17 }
          },
          {
            "start": { "line": 79, "column": 17 },
            "end": { "line": 79, "column": null }
          },
          {
            "start": { "line": 80, "column": 8 },
            "end": { "line": 82, "column": null }
          }
        ],
        "line": 79
      }
    },
    "s": {
      "0": 1,
      "1": 96,
      "2": 96,
      "3": 96,
      "4": 96,
      "5": 96,
      "6": 17,
      "7": 96,
      "8": 44,
      "9": 616,
      "10": 44,
      "11": 96,
      "12": 3,
      "13": 3,
      "14": 3,
      "15": 96,
      "16": 24,
      "17": 24,
      "18": 24,
      "19": 7,
      "20": 159,
      "21": 3
    },
    "f": {
      "0": 96,
      "1": 17,
      "2": 44,
      "3": 616,
      "4": 3,
      "5": 24,
      "6": 7,
      "7": 159,
      "8": 3
    },
    "b": {
      "0": [96],
      "1": [96],
      "2": [2, 94],
      "3": [96, 55, 16],
      "4": [96, 55, 39]
    },
    "meta": {
      "lastBranch": 5,
      "lastFunction": 9,
      "lastStatement": 22,
      "seen": {
        "s:13:13:86:Infinity": 0,
        "f:13:13:13:36": 0,
        "b:18:7:18:Infinity": 0,
        "b:19:9:19:Infinity": 1,
        "s:21:17:21:Infinity": 1,
        "s:22:21:22:Infinity": 2,
        "s:23:28:24:Infinity": 3,
        "s:25:8:25:Infinity": 4,
        "s:27:2:29:Infinity": 5,
        "f:27:2:27:18": 1,
        "s:28:4:28:Infinity": 6,
        "s:31:2:36:Infinity": 7,
        "f:31:2:31:18": 2,
        "s:32:21:34:Infinity": 8,
        "f:32:31:32:39": 3,
        "s:33:6:33:Infinity": 9,
        "s:35:4:35:Infinity": 10,
        "s:38:8:42:Infinity": 11,
        "f:38:8:38:24": 4,
        "s:39:4:39:Infinity": 12,
        "s:40:4:40:Infinity": 13,
        "s:41:4:41:Infinity": 14,
        "s:44:2:84:Infinity": 15,
        "f:51:8:51:19": 5,
        "s:52:10:52:Infinity": 16,
        "s:53:10:53:Infinity": 17,
        "s:54:10:54:Infinity": 18,
        "f:56:8:56:23": 6,
        "s:56:23:56:Infinity": 19,
        "b:59:18:59:37:59:37:59:Infinity": 2,
        "b:65:7:65:17:65:17:65:Infinity:66:8:76:Infinity": 3,
        "f:67:29:67:34": 7,
        "s:68:12:74:Infinity": 20,
        "f:70:14:70:29": 8,
        "s:70:29:70:Infinity": 21,
        "b:79:7:79:17:79:17:79:Infinity:80:8:82:Infinity": 4
      }
    }
  },
  "/home/runner/workspace/rs-react-app/src/components/Forms/shared/ImageUpload.tsx": {
    "path": "/home/runner/workspace/rs-react-app/src/components/Forms/shared/ImageUpload.tsx",
    "statementMap": {
      "0": {
        "start": { "line": 12, "column": 13 },
        "end": { "line": 97, "column": null }
      },
      "1": {
        "start": { "line": 19, "column": 18 },
        "end": { "line": 19, "column": null }
      },
      "2": {
        "start": { "line": 20, "column": 22 },
        "end": { "line": 20, "column": null }
      },
      "3": {
        "start": { "line": 21, "column": 8 },
        "end": { "line": 21, "column": null }
      },
      "4": {
        "start": { "line": 23, "column": 27 },
        "end": { "line": 42, "column": null }
      },
      "5": {
        "start": { "line": 24, "column": 17 },
        "end": { "line": 24, "column": null }
      },
      "6": {
        "start": { "line": 25, "column": 4 },
        "end": { "line": 25, "column": null }
      },
      "7": {
        "start": { "line": 25, "column": 15 },
        "end": { "line": 25, "column": null }
      },
      "8": {
        "start": { "line": 27, "column": 10 },
        "end": { "line": 27, "column": null }
      },
      "9": {
        "start": { "line": 28, "column": 4 },
        "end": { "line": 31, "column": null }
      },
      "10": {
        "start": { "line": 29, "column": 6 },
        "end": { "line": 29, "column": null }
      },
      "11": {
        "start": { "line": 30, "column": 6 },
        "end": { "line": 30, "column": null }
      },
      "12": {
        "start": { "line": 33, "column": 4 },
        "end": { "line": 33, "column": null }
      },
      "13": {
        "start": { "line": 35, "column": 4 },
        "end": { "line": 41, "column": null }
      },
      "14": {
        "start": { "line": 36, "column": 21 },
        "end": { "line": 36, "column": null }
      },
      "15": {
        "start": { "line": 37, "column": 6 },
        "end": { "line": 37, "column": null }
      },
      "16": {
        "start": { "line": 38, "column": 6 },
        "end": { "line": 38, "column": null }
      },
      "17": {
        "start": { "line": 40, "column": 6 },
        "end": { "line": 40, "column": null }
      },
      "18": {
        "start": { "line": 44, "column": 8 },
        "end": { "line": 50, "column": null }
      },
      "19": {
        "start": { "line": 45, "column": 4 },
        "end": { "line": 45, "column": null }
      },
      "20": {
        "start": { "line": 46, "column": 4 },
        "end": { "line": 46, "column": null }
      },
      "21": {
        "start": { "line": 47, "column": 4 },
        "end": { "line": 49, "column": null }
      },
      "22": {
        "start": { "line": 48, "column": 6 },
        "end": { "line": 48, "column": null }
      },
      "23": {
        "start": { "line": 52, "column": 2 },
        "end": { "line": 95, "column": null }
      },
      "24": {
        "start": { "line": 83, "column": 27 },
        "end": { "line": 83, "column": null }
      }
    },
    "fnMap": {
      "0": {
        "name": "(anonymous_0)",
        "decl": {
          "start": { "line": 12, "column": 13 },
          "end": { "line": 12, "column": 28 }
        },
        "loc": {
          "start": { "line": 18, "column": 24 },
          "end": { "line": 97, "column": null }
        },
        "line": 18
      },
      "1": {
        "name": "(anonymous_1)",
        "decl": {
          "start": { "line": 23, "column": 27 },
          "end": { "line": 23, "column": 34 }
        },
        "loc": {
          "start": { "line": 23, "column": 77 },
          "end": { "line": 42, "column": null }
        },
        "line": 23
      },
      "2": {
        "name": "(anonymous_2)",
        "decl": {
          "start": { "line": 44, "column": 8 },
          "end": { "line": 44, "column": 28 }
        },
        "loc": {
          "start": { "line": 44, "column": 28 },
          "end": { "line": 50, "column": null }
        },
        "line": 44
      },
      "3": {
        "name": "(anonymous_3)",
        "decl": {
          "start": { "line": 83, "column": 12 },
          "end": { "line": 83, "column": 27 }
        },
        "loc": {
          "start": { "line": 83, "column": 27 },
          "end": { "line": 83, "column": null }
        },
        "line": 83
      }
    },
    "branchMap": {
      "0": {
        "loc": {
          "start": { "line": 17, "column": 2 },
          "end": { "line": 17, "column": null }
        },
        "type": "default-arg",
        "locations": [
          {
            "start": { "line": 17, "column": 7 },
            "end": { "line": 17, "column": null }
          }
        ],
        "line": 17
      },
      "1": {
        "loc": {
          "start": { "line": 25, "column": 4 },
          "end": { "line": 25, "column": null }
        },
        "type": "if",
        "locations": [
          {
            "start": { "line": 25, "column": 4 },
            "end": { "line": 25, "column": null }
          },
          { "start": {}, "end": {} }
        ],
        "line": 25
      },
      "2": {
        "loc": {
          "start": { "line": 28, "column": 4 },
          "end": { "line": 31, "column": null }
        },
        "type": "if",
        "locations": [
          {
            "start": { "line": 28, "column": 4 },
            "end": { "line": 31, "column": null }
          },
          { "start": {}, "end": {} }
        ],
        "line": 28
      },
      "3": {
        "loc": {
          "start": { "line": 29, "column": 21 },
          "end": { "line": 29, "column": 55 }
        },
        "type": "binary-expr",
        "locations": [
          {
            "start": { "line": 29, "column": 21 },
            "end": { "line": 29, "column": 41 }
          },
          {
            "start": { "line": 29, "column": 41 },
            "end": { "line": 29, "column": 55 }
          }
        ],
        "line": 29
      },
      "4": {
        "loc": {
          "start": { "line": 47, "column": 4 },
          "end": { "line": 49, "column": null }
        },
        "type": "if",
        "locations": [
          {
            "start": { "line": 47, "column": 4 },
            "end": { "line": 49, "column": null }
          },
          { "start": {}, "end": {} }
        ],
        "line": 47
      },
      "5": {
        "loc": {
          "start": { "line": 55, "column": 9 },
          "end": { "line": 71, "column": 9 }
        },
        "type": "binary-expr",
        "locations": [
          {
            "start": { "line": 55, "column": 9 },
            "end": { "line": 55, "column": null }
          },
          {
            "start": { "line": 56, "column": 10 },
            "end": { "line": 71, "column": 9 }
          }
        ],
        "line": 55
      },
      "6": {
        "loc": {
          "start": { "line": 86, "column": 13 },
          "end": { "line": 86, "column": null }
        },
        "type": "cond-expr",
        "locations": [
          {
            "start": { "line": 86, "column": 23 },
            "end": { "line": 86, "column": 40 }
          },
          {
            "start": { "line": 86, "column": 40 },
            "end": { "line": 86, "column": null }
          }
        ],
        "line": 86
      },
      "7": {
        "loc": {
          "start": { "line": 92, "column": 8 },
          "end": { "line": 95, "column": null }
        },
        "type": "binary-expr",
        "locations": [
          {
            "start": { "line": 92, "column": 8 },
            "end": { "line": 92, "column": 17 }
          },
          {
            "start": { "line": 92, "column": 17 },
            "end": { "line": 92, "column": null }
          },
          {
            "start": { "line": 93, "column": 8 },
            "end": { "line": 95, "column": null }
          }
        ],
        "line": 92
      },
      "8": {
        "loc": {
          "start": { "line": 93, "column": 50 },
          "end": { "line": 93, "column": 74 }
        },
        "type": "binary-expr",
        "locations": [
          {
            "start": { "line": 93, "column": 50 },
            "end": { "line": 93, "column": 59 }
          },
          {
            "start": { "line": 93, "column": 59 },
            "end": { "line": 93, "column": 74 }
          }
        ],
        "line": 93
      }
    },
    "s": {
      "0": 1,
      "1": 25,
      "2": 25,
      "3": 25,
      "4": 25,
      "5": 5,
      "6": 5,
      "7": 0,
      "8": 5,
      "9": 5,
      "10": 2,
      "11": 2,
      "12": 3,
      "13": 3,
      "14": 3,
      "15": 2,
      "16": 2,
      "17": 1,
      "18": 25,
      "19": 1,
      "20": 1,
      "21": 1,
      "22": 1,
      "23": 25,
      "24": 5
    },
    "f": { "0": 25, "1": 5, "2": 1, "3": 5 },
    "b": {
      "0": [25],
      "1": [0, 5],
      "2": [2, 3],
      "3": [2, 0],
      "4": [1, 0],
      "5": [25, 10],
      "6": [10, 15],
      "7": [25, 24, 5],
      "8": [5, 4]
    },
    "meta": {
      "lastBranch": 9,
      "lastFunction": 4,
      "lastStatement": 25,
      "seen": {
        "s:12:13:97:Infinity": 0,
        "f:12:13:12:28": 0,
        "b:17:7:17:Infinity": 0,
        "s:19:18:19:Infinity": 1,
        "s:20:22:20:Infinity": 2,
        "s:21:8:21:Infinity": 3,
        "s:23:27:42:Infinity": 4,
        "f:23:27:23:34": 1,
        "s:24:17:24:Infinity": 5,
        "b:25:4:25:Infinity:undefined:undefined:undefined:undefined": 1,
        "s:25:4:25:Infinity": 6,
        "s:25:15:25:Infinity": 7,
        "s:27:10:27:Infinity": 8,
        "b:28:4:31:Infinity:undefined:undefined:undefined:undefined": 2,
        "s:28:4:31:Infinity": 9,
        "s:29:6:29:Infinity": 10,
        "b:29:21:29:41:29:41:29:55": 3,
        "s:30:6:30:Infinity": 11,
        "s:33:4:33:Infinity": 12,
        "s:35:4:41:Infinity": 13,
        "s:36:21:36:Infinity": 14,
        "s:37:6:37:Infinity": 15,
        "s:38:6:38:Infinity": 16,
        "s:40:6:40:Infinity": 17,
        "s:44:8:50:Infinity": 18,
        "f:44:8:44:28": 2,
        "s:45:4:45:Infinity": 19,
        "s:46:4:46:Infinity": 20,
        "b:47:4:49:Infinity:undefined:undefined:undefined:undefined": 4,
        "s:47:4:49:Infinity": 21,
        "s:48:6:48:Infinity": 22,
        "s:52:2:95:Infinity": 23,
        "b:55:9:55:Infinity:56:10:71:9": 5,
        "f:83:12:83:27": 3,
        "s:83:27:83:Infinity": 24,
        "b:86:23:86:40:86:40:86:Infinity": 6,
        "b:92:8:92:17:92:17:92:Infinity:93:8:95:Infinity": 7,
        "b:93:50:93:59:93:59:93:74": 8
      }
    }
  },
  "/home/runner/workspace/rs-react-app/src/components/Forms/shared/PasswordStrengthIndicator.tsx": {
    "path": "/home/runner/workspace/rs-react-app/src/components/Forms/shared/PasswordStrengthIndicator.tsx",
    "statementMap": {
      "0": {
        "start": { "line": 10, "column": 13 },
        "end": { "line": 70, "column": null }
      },
      "1": {
        "start": { "line": 13, "column": 46 },
        "end": { "line": 19, "column": null }
      },
      "2": {
        "start": { "line": 14, "column": 53 },
        "end": { "line": 14, "column": 69 }
      },
      "3": {
        "start": { "line": 15, "column": 52 },
        "end": { "line": 15, "column": 70 }
      },
      "4": {
        "start": { "line": 16, "column": 52 },
        "end": { "line": 16, "column": 70 }
      },
      "5": {
        "start": { "line": 17, "column": 42 },
        "end": { "line": 17, "column": 60 }
      },
      "6": {
        "start": { "line": 18, "column": 53 },
        "end": { "line": 18, "column": 78 }
      },
      "7": {
        "start": { "line": 21, "column": 25 },
        "end": { "line": 23, "column": null }
      },
      "8": {
        "start": { "line": 22, "column": 4 },
        "end": { "line": 22, "column": null }
      },
      "9": {
        "start": { "line": 24, "column": 27 },
        "end": { "line": 24, "column": null }
      },
      "10": {
        "start": { "line": 26, "column": 8 },
        "end": { "line": 32, "column": null }
      },
      "11": {
        "start": { "line": 27, "column": 4 },
        "end": { "line": 27, "column": null }
      },
      "12": {
        "start": { "line": 27, "column": 31 },
        "end": { "line": 27, "column": null }
      },
      "13": {
        "start": { "line": 28, "column": 4 },
        "end": { "line": 28, "column": null }
      },
      "14": {
        "start": { "line": 28, "column": 31 },
        "end": { "line": 28, "column": null }
      },
      "15": {
        "start": { "line": 29, "column": 4 },
        "end": { "line": 29, "column": null }
      },
      "16": {
        "start": { "line": 29, "column": 31 },
        "end": { "line": 29, "column": null }
      },
      "17": {
        "start": { "line": 30, "column": 4 },
        "end": { "line": 30, "column": null }
      },
      "18": {
        "start": { "line": 30, "column": 31 },
        "end": { "line": 30, "column": null }
      },
      "19": {
        "start": { "line": 31, "column": 4 },
        "end": { "line": 31, "column": null }
      },
      "20": {
        "start": { "line": 34, "column": 8 },
        "end": { "line": 40, "column": null }
      },
      "21": {
        "start": { "line": 35, "column": 4 },
        "end": { "line": 35, "column": null }
      },
      "22": {
        "start": { "line": 35, "column": 31 },
        "end": { "line": 35, "column": null }
      },
      "23": {
        "start": { "line": 36, "column": 4 },
        "end": { "line": 36, "column": null }
      },
      "24": {
        "start": { "line": 36, "column": 31 },
        "end": { "line": 36, "column": null }
      },
      "25": {
        "start": { "line": 37, "column": 4 },
        "end": { "line": 37, "column": null }
      },
      "26": {
        "start": { "line": 37, "column": 31 },
        "end": { "line": 37, "column": null }
      },
      "27": {
        "start": { "line": 38, "column": 4 },
        "end": { "line": 38, "column": null }
      },
      "28": {
        "start": { "line": 38, "column": 31 },
        "end": { "line": 38, "column": null }
      },
      "29": {
        "start": { "line": 39, "column": 4 },
        "end": { "line": 39, "column": null }
      },
      "30": {
        "start": { "line": 42, "column": 2 },
        "end": { "line": 68, "column": null }
      },
      "31": {
        "start": { "line": 57, "column": 24 },
        "end": { "line": 57, "column": null }
      },
      "32": {
        "start": { "line": 58, "column": 10 },
        "end": { "line": 64, "column": null }
      }
    },
    "fnMap": {
      "0": {
        "name": "(anonymous_0)",
        "decl": {
          "start": { "line": 10, "column": 13 },
          "end": { "line": 10, "column": 42 }
        },
        "loc": {
          "start": { "line": 12, "column": 38 },
          "end": { "line": 70, "column": null }
        },
        "line": 12
      },
      "1": {
        "name": "(anonymous_1)",
        "decl": {
          "start": { "line": 14, "column": 38 },
          "end": { "line": 14, "column": 45 }
        },
        "loc": {
          "start": { "line": 14, "column": 53 },
          "end": { "line": 14, "column": 69 }
        },
        "line": 14
      },
      "2": {
        "name": "(anonymous_2)",
        "decl": {
          "start": { "line": 15, "column": 37 },
          "end": { "line": 15, "column": 44 }
        },
        "loc": {
          "start": { "line": 15, "column": 52 },
          "end": { "line": 15, "column": 70 }
        },
        "line": 15
      },
      "3": {
        "name": "(anonymous_3)",
        "decl": {
          "start": { "line": 16, "column": 37 },
          "end": { "line": 16, "column": 44 }
        },
        "loc": {
          "start": { "line": 16, "column": 52 },
          "end": { "line": 16, "column": 70 }
        },
        "line": 16
      },
      "4": {
        "name": "(anonymous_4)",
        "decl": {
          "start": { "line": 17, "column": 27 },
          "end": { "line": 17, "column": 34 }
        },
        "loc": {
          "start": { "line": 17, "column": 42 },
          "end": { "line": 17, "column": 60 }
        },
        "line": 17
      },
      "5": {
        "name": "(anonymous_5)",
        "decl": {
          "start": { "line": 18, "column": 38 },
          "end": { "line": 18, "column": 45 }
        },
        "loc": {
          "start": { "line": 18, "column": 53 },
          "end": { "line": 18, "column": 78 }
        },
        "line": 18
      },
      "6": {
        "name": "(anonymous_6)",
        "decl": {
          "start": { "line": 21, "column": 38 },
          "end": { "line": 21, "column": 46 }
        },
        "loc": {
          "start": { "line": 22, "column": 4 },
          "end": { "line": 22, "column": null }
        },
        "line": 22
      },
      "7": {
        "name": "(anonymous_7)",
        "decl": {
          "start": { "line": 26, "column": 8 },
          "end": { "line": 26, "column": 33 }
        },
        "loc": {
          "start": { "line": 26, "column": 33 },
          "end": { "line": 32, "column": null }
        },
        "line": 26
      },
      "8": {
        "name": "(anonymous_8)",
        "decl": {
          "start": { "line": 34, "column": 8 },
          "end": { "line": 34, "column": 32 }
        },
        "loc": {
          "start": { "line": 34, "column": 32 },
          "end": { "line": 40, "column": null }
        },
        "line": 34
      },
      "9": {
        "name": "(anonymous_9)",
        "decl": {
          "start": { "line": 56, "column": 22 },
          "end": { "line": 56, "column": 27 }
        },
        "loc": {
          "start": { "line": 56, "column": 42 },
          "end": { "line": 66, "column": 9 }
        },
        "line": 56
      }
    },
    "branchMap": {
      "0": {
        "loc": {
          "start": { "line": 27, "column": 4 },
          "end": { "line": 27, "column": null }
        },
        "type": "if",
        "locations": [
          {
            "start": { "line": 27, "column": 4 },
            "end": { "line": 27, "column": null }
          },
          { "start": {}, "end": {} }
        ],
        "line": 27
      },
      "1": {
        "loc": {
          "start": { "line": 28, "column": 4 },
          "end": { "line": 28, "column": null }
        },
        "type": "if",
        "locations": [
          {
            "start": { "line": 28, "column": 4 },
            "end": { "line": 28, "column": null }
          },
          { "start": {}, "end": {} }
        ],
        "line": 28
      },
      "2": {
        "loc": {
          "start": { "line": 29, "column": 4 },
          "end": { "line": 29, "column": null }
        },
        "type": "if",
        "locations": [
          {
            "start": { "line": 29, "column": 4 },
            "end": { "line": 29, "column": null }
          },
          { "start": {}, "end": {} }
        ],
        "line": 29
      },
      "3": {
        "loc": {
[...]
        "f:33:8:33:31": 3,
        "b:34:4:36:Infinity:undefined:undefined:undefined:undefined": 3,
        "s:34:4:36:Infinity": 12,
        "s:35:6:35:Infinity": 13,
        "s:38:20:38:Infinity": 14,
        "b:39:2:39:Infinity:undefined:undefined:undefined:undefined": 4,
        "s:39:2:39:Infinity": 15,
        "s:39:18:39:Infinity": 16,
        "s:41:2:85:Infinity": 17
      }
    }
  },
  "/home/runner/workspace/rs-react-app/src/components/SubmissionCard/SubmissionCard.tsx": {
    "path": "/home/runner/workspace/rs-react-app/src/components/SubmissionCard/SubmissionCard.tsx",
    "statementMap": {
      "0": {
        "start": { "line": 3, "column": 13 },
        "end": { "line": 79, "column": null }
      },
      "1": {
        "start": { "line": 10, "column": 2 },
        "end": { "line": 77, "column": null }
      }
    },
    "fnMap": {
      "0": {
        "name": "(anonymous_0)",
        "decl": {
          "start": { "line": 3, "column": 13 },
          "end": { "line": 3, "column": 31 }
        },
        "loc": {
          "start": { "line": 9, "column": 6 },
          "end": { "line": 79, "column": null }
        },
        "line": 9
      }
    },
    "branchMap": {
      "0": {
        "loc": {
          "start": { "line": 15, "column": 10 },
          "end": { "line": 17, "column": null }
        },
        "type": "cond-expr",
        "locations": [
          {
            "start": { "line": 16, "column": 14 },
            "end": { "line": 16, "column": null }
          },
          {
            "start": { "line": 17, "column": 14 },
            "end": { "line": 17, "column": null }
          }
        ],
        "line": 15
      },
      "1": {
        "loc": {
          "start": { "line": 21, "column": 7 },
          "end": { "line": 28, "column": null }
        },
        "type": "binary-expr",
        "locations": [
          {
            "start": { "line": 21, "column": 7 },
            "end": { "line": 21, "column": null }
          },
          {
            "start": { "line": 22, "column": 8 },
            "end": { "line": 28, "column": null }
          }
        ],
        "line": 21
      },
      "2": {
        "loc": {
          "start": { "line": 38, "column": 12 },
          "end": { "line": 40, "column": null }
        },
        "type": "cond-expr",
        "locations": [
          {
            "start": { "line": 39, "column": 16 },
            "end": { "line": 39, "column": null }
          },
          {
            "start": { "line": 40, "column": 16 },
            "end": { "line": 40, "column": null }
          }
        ],
        "line": 38
      },
      "3": {
        "loc": {
          "start": { "line": 44, "column": 11 },
          "end": { "line": 46, "column": null }
        },
        "type": "cond-expr",
        "locations": [
          {
            "start": { "line": 45, "column": 14 },
            "end": { "line": 45, "column": null }
          },
          {
            "start": { "line": 46, "column": 14 },
            "end": { "line": 46, "column": null }
          }
        ],
        "line": 44
      },
      "4": {
        "loc": {
          "start": { "line": 64, "column": 14 },
          "end": { "line": 64, "column": null }
        },
        "type": "cond-expr",
        "locations": [
          {
            "start": { "line": 64, "column": 46 },
            "end": { "line": 64, "column": 65 }
          },
          {
            "start": { "line": 64, "column": 65 },
            "end": { "line": 64, "column": null }
          }
        ],
        "line": 64
      },
      "5": {
        "loc": {
          "start": { "line": 67, "column": 13 },
          "end": { "line": 67, "column": null }
        },
        "type": "cond-expr",
        "locations": [
          {
            "start": { "line": 67, "column": 45 },
            "end": { "line": 67, "column": 58 }
          },
          {
            "start": { "line": 67, "column": 58 },
            "end": { "line": 67, "column": null }
          }
        ],
        "line": 67
      }
    },
    "s": { "0": 1, "1": 14 },
    "f": { "0": 14 },
    "b": {
      "0": [0, 14],
      "1": [14, 11],
      "2": [2, 12],
      "3": [2, 12],
      "4": [13, 1],
      "5": [13, 1]
    },
    "meta": {
      "lastBranch": 6,
      "lastFunction": 1,
      "lastStatement": 2,
      "seen": {
        "s:3:13:79:Infinity": 0,
        "f:3:13:3:31": 0,
        "s:10:2:77:Infinity": 1,
        "b:16:14:16:Infinity:17:14:17:Infinity": 0,
        "b:21:7:21:Infinity:22:8:28:Infinity": 1,
        "b:39:16:39:Infinity:40:16:40:Infinity": 2,
        "b:45:14:45:Infinity:46:14:46:Infinity": 3,
        "b:64:46:64:65:64:65:64:Infinity": 4,
        "b:67:45:67:58:67:58:67:Infinity": 5
      }
    }
  },
  "/home/runner/workspace/rs-react-app/src/components/SubmissionList/SubmissionsList.tsx": {
    "path": "/home/runner/workspace/rs-react-app/src/components/SubmissionList/SubmissionsList.tsx",
    "statementMap": {
      "0": {
        "start": { "line": 8, "column": 13 },
        "end": { "line": 32, "column": null }
      },
      "1": {
        "start": { "line": 9, "column": 8 },
        "end": { "line": 9, "column": null }
      },
      "2": {
        "start": { "line": 9, "column": 52 },
        "end": { "line": 9, "column": 69 }
      },
      "3": {
        "start": { "line": 11, "column": 2 },
        "end": { "line": 19, "column": null }
      },
      "4": {
        "start": { "line": 12, "column": 4 },
        "end": { "line": 17, "column": null }
      },
      "5": {
        "start": { "line": 21, "column": 2 },
        "end": { "line": 30, "column": null }
      },
      "6": {
        "start": { "line": 24, "column": 8 },
        "end": { "line": 28, "column": null }
      }
    },
    "fnMap": {
      "0": {
        "name": "(anonymous_0)",
        "decl": {
          "start": { "line": 8, "column": 13 },
          "end": { "line": 8, "column": 32 }
        },
        "loc": {
          "start": { "line": 8, "column": 74 },
          "end": { "line": 32, "column": null }
        },
        "line": 8
      },
      "1": {
        "name": "(anonymous_1)",
        "decl": {
          "start": { "line": 9, "column": 22 },
          "end": { "line": 9, "column": 42 }
        },
        "loc": {
          "start": { "line": 9, "column": 52 },
          "end": { "line": 9, "column": 69 }
        },
        "line": 9
      },
      "2": {
        "name": "(anonymous_2)",
        "decl": {
          "start": { "line": 23, "column": 19 },
          "end": { "line": 23, "column": 24 }
        },
        "loc": {
          "start": { "line": 24, "column": 8 },
          "end": { "line": 28, "column": null }
        },
        "line": 24
      }
    },
    "branchMap": {
      "0": {
        "loc": {
          "start": { "line": 11, "column": 2 },
          "end": { "line": 19, "column": null }
        },
        "type": "if",
        "locations": [
          {
            "start": { "line": 11, "column": 2 },
            "end": { "line": 19, "column": null }
          },
          { "start": {}, "end": {} }
        ],
        "line": 11
      }
    },
    "s": { "0": 1, "1": 11, "2": 11, "3": 11, "4": 3, "5": 8, "6": 23 },
    "f": { "0": 11, "1": 11, "2": 23 },
    "b": { "0": [3, 8] },
    "meta": {
      "lastBranch": 1,
      "lastFunction": 3,
      "lastStatement": 7,
      "seen": {
        "s:8:13:32:Infinity": 0,
        "f:8:13:8:32": 0,
        "s:9:8:9:Infinity": 1,
        "f:9:22:9:42": 1,
        "s:9:52:9:69": 2,
        "b:11:2:19:Infinity:undefined:undefined:undefined:undefined": 0,
        "s:11:2:19:Infinity": 3,
        "s:12:4:17:Infinity": 4,
        "s:21:2:30:Infinity": 5,
        "f:23:19:23:24": 2,
        "s:24:8:28:Infinity": 6
      }
    }
  },
  "/home/runner/workspace/rs-react-app/src/helpers/imageUpload.ts": {
    "path": "/home/runner/workspace/rs-react-app/src/helpers/imageUpload.ts",
    "statementMap": {
      "0": {
        "start": { "line": 1, "column": 13 },
        "end": { "line": 17, "column": null }
      },
      "1": {
        "start": { "line": 4, "column": 23 },
        "end": { "line": 4, "column": null }
      },
      "2": {
        "start": { "line": 5, "column": 2 },
        "end": { "line": 10, "column": null }
      },
      "3": {
        "start": { "line": 6, "column": 4 },
        "end": { "line": 9, "column": null }
      },
      "4": {
        "start": { "line": 11, "column": 18 },
        "end": { "line": 11, "column": null }
      },
      "5": {
        "start": { "line": 12, "column": 2 },
        "end": { "line": 14, "column": null }
      },
      "6": {
        "start": { "line": 13, "column": 4 },
        "end": { "line": 13, "column": null }
      },
      "7": {
        "start": { "line": 16, "column": 2 },
        "end": { "line": 16, "column": null }
      },
      "8": {
        "start": { "line": 19, "column": 13 },
        "end": { "line": 26, "column": null }
      },
      "9": {
        "start": { "line": 20, "column": 2 },
        "end": { "line": 25, "column": null }
      },
      "10": {
        "start": { "line": 21, "column": 19 },
        "end": { "line": 21, "column": null }
      },
      "11": {
        "start": { "line": 22, "column": 4 },
        "end": { "line": 22, "column": null }
      },
      "12": {
        "start": { "line": 23, "column": 4 },
        "end": { "line": 23, "column": null }
      },
      "13": {
        "start": { "line": 23, "column": 26 },
        "end": { "line": 23, "column": null }
      },
      "14": {
        "start": { "line": 24, "column": 4 },
        "end": { "line": 24, "column": null }
      },
      "15": {
        "start": { "line": 24, "column": 32 },
        "end": { "line": 24, "column": null }
      }
    },
    "fnMap": {
      "0": {
        "name": "(anonymous_0)",
        "decl": {
          "start": { "line": 1, "column": 13 },
          "end": { "line": 1, "column": null }
        },
        "loc": {
          "start": { "line": 3, "column": 43 },
          "end": { "line": 17, "column": null }
        },
        "line": 3
      },
      "1": {
        "name": "(anonymous_1)",
        "decl": {
          "start": { "line": 19, "column": 13 },
          "end": { "line": 19, "column": 32 }
        },
        "loc": {
          "start": { "line": 19, "column": 64 },
          "end": { "line": 26, "column": null }
        },
        "line": 19
      },
      "2": {
        "name": "(anonymous_2)",
        "decl": {
          "start": { "line": 20, "column": 13 },
          "end": { "line": 20, "column": 22 }
        },
        "loc": {
          "start": { "line": 20, "column": 42 },
          "end": { "line": 25, "column": 3 }
        },
        "line": 20
      },
      "3": {
        "name": "(anonymous_3)",
        "decl": {
          "start": { "line": 23, "column": 11 },
          "end": { "line": 23, "column": 26 }
        },
        "loc": {
          "start": { "line": 23, "column": 26 },
          "end": { "line": 23, "column": null }
        },
        "line": 23
      },
      "4": {
        "name": "(anonymous_4)",
        "decl": {
          "start": { "line": 24, "column": 11 },
          "end": { "line": 24, "column": 22 }
        },
        "loc": {
          "start": { "line": 24, "column": 32 },
          "end": { "line": 24, "column": null }
        },
        "line": 24
      }
    },
    "branchMap": {
      "0": {
        "loc": {
          "start": { "line": 5, "column": 2 },
          "end": { "line": 10, "column": null }
        },
        "type": "if",
        "locations": [
          {
            "start": { "line": 5, "column": 2 },
            "end": { "line": 10, "column": null }
          },
          { "start": {}, "end": {} }
        ],
        "line": 5
      },
      "1": {
        "loc": {
          "start": { "line": 12, "column": 2 },
          "end": { "line": 14, "column": null }
        },
        "type": "if",
        "locations": [
          {
            "start": { "line": 12, "column": 2 },
            "end": { "line": 14, "column": null }
          },
          { "start": {}, "end": {} }
        ],
        "line": 12
      }
    },
    "s": {
      "0": 1,
      "1": 14,
      "2": 14,
      "3": 6,
      "4": 8,
      "5": 8,
      "6": 2,
      "7": 6,
      "8": 1,
      "9": 0,
      "10": 0,
      "11": 0,
      "12": 0,
      "13": 0,
      "14": 0,
      "15": 0
    },
    "f": { "0": 14, "1": 0, "2": 0, "3": 0, "4": 0 },
    "b": { "0": [6, 8], "1": [2, 6] },
    "meta": {
      "lastBranch": 2,
      "lastFunction": 5,
      "lastStatement": 16,
      "seen": {
        "s:1:13:17:Infinity": 0,
        "f:1:13:1:Infinity": 0,
        "s:4:23:4:Infinity": 1,
        "b:5:2:10:Infinity:undefined:undefined:undefined:undefined": 0,
        "s:5:2:10:Infinity": 2,
        "s:6:4:9:Infinity": 3,
        "s:11:18:11:Infinity": 4,
        "b:12:2:14:Infinity:undefined:undefined:undefined:undefined": 1,
        "s:12:2:14:Infinity": 5,
        "s:13:4:13:Infinity": 6,
        "s:16:2:16:Infinity": 7,
        "s:19:13:26:Infinity": 8,
        "f:19:13:19:32": 1,
        "s:20:2:25:Infinity": 9,
        "f:20:13:20:22": 2,
        "s:21:19:21:Infinity": 10,
        "s:22:4:22:Infinity": 11,
        "s:23:4:23:Infinity": 12,
        "f:23:11:23:26": 3,
        "s:23:26:23:Infinity": 13,
        "s:24:4:24:Infinity": 14,
        "f:24:11:24:22": 4,
        "s:24:32:24:Infinity": 15
      }
    }
  },
  "/home/runner/workspace/rs-react-app/src/schemas/formSchema.ts": {
    "path": "/home/runner/workspace/rs-react-app/src/schemas/formSchema.ts",
    "statementMap": {
      "0": {
        "start": { "line": 3, "column": 25 },
        "end": { "line": 18, "column": null }
      },
      "1": {
        "start": { "line": 22, "column": 30 },
        "end": { "line": 59, "column": null }
      },
      "2": {
        "start": { "line": 41, "column": 23 },
        "end": { "line": 41, "column": 37 }
      },
      "3": {
        "start": { "line": 56, "column": 20 },
        "end": { "line": 56, "column": 60 }
      }
    },
    "fnMap": {
      "0": {
        "name": "(anonymous_0)",
        "decl": {
          "start": { "line": 41, "column": 7 },
          "end": { "line": 41, "column": 15 }
        },
        "loc": {
          "start": { "line": 41, "column": 23 },
          "end": { "line": 41, "column": 37 }
        },
        "line": 41
      },
      "1": {
        "name": "(anonymous_1)",
        "decl": {
          "start": { "line": 56, "column": 3 },
          "end": { "line": 56, "column": 11 }
        },
        "loc": {
          "start": { "line": 56, "column": 20 },
          "end": { "line": 56, "column": 60 }
        },
        "line": 56
      }
    },
    "branchMap": {},
    "s": { "0": 3, "1": 3, "2": 43, "3": 4 },
    "f": { "0": 43, "1": 4 },
    "b": {},
    "meta": {
      "lastBranch": 0,
      "lastFunction": 2,
      "lastStatement": 4,
      "seen": {
        "s:3:25:18:Infinity": 0,
        "s:22:30:59:Infinity": 1,
        "f:41:7:41:15": 0,
        "s:41:23:41:37": 2,
        "f:56:3:56:11": 1,
        "s:56:20:56:60": 3
      }
    }
  },
  "/home/runner/workspace/rs-react-app/src/store/submissionStore.ts": {
    "path": "/home/runner/workspace/rs-react-app/src/store/submissionStore.ts",
    "statementMap": {
      "0": {
        "start": { "line": 12, "column": 13 },
        "end": { "line": 36, "column": null }
      },
      "1": {
        "start": { "line": 14, "column": 19 },
        "end": { "line": 31, "column": null }
      },
      "2": {
        "start": { "line": 17, "column": 42 },
        "end": { "line": 21, "column": null }
      },
      "3": {
        "start": { "line": 23, "column": 8 },
        "end": { "line": 25, "column": null }
      },
      "4": {
        "start": { "line": 23, "column": 24 },
        "end": { "line": 25, "column": 10 }
      },
      "5": {
        "start": { "line": 27, "column": 30 },
        "end": { "line": 27, "column": null }
      },
      "6": {
        "start": { "line": 29, "column": 8 },
        "end": { "line": 29, "column": null }
      },
      "7": {
        "start": { "line": 29, "column": 49 },
        "end": { "line": 29, "column": 70 }
      }
    },
    "fnMap": {
      "0": {
        "name": "(anonymous_0)",
        "decl": {
          "start": { "line": 13, "column": 2 },
          "end": { "line": 13, "column": null }
        },
        "loc": {
          "start": { "line": 14, "column": 19 },
          "end": { "line": 31, "column": null }
        },
        "line": 14
      },
      "1": {
        "name": "(anonymous_1)",
        "decl": {
          "start": { "line": 16, "column": 6 },
          "end": { "line": 16, "column": 22 }
        },
        "loc": {
          "start": { "line": 16, "column": 41 },
          "end": { "line": 26, "column": null }
        },
        "line": 16
      },
      "2": {
        "name": "(anonymous_2)",
        "decl": {
          "start": { "line": 23, "column": 8 },
          "end": { "line": 23, "column": 13 }
        },
        "loc": {
          "start": { "line": 23, "column": 24 },
          "end": { "line": 25, "column": 10 }
        },
        "line": 23
      },
      "3": {
        "name": "(anonymous_3)",
        "decl": {
          "start": { "line": 27, "column": 6 },
          "end": { "line": 27, "column": 30 }
        },
        "loc": {
          "start": { "line": 27, "column": 30 },
          "end": { "line": 27, "column": null }
        },
        "line": 27
      },
      "4": {
        "name": "(anonymous_4)",
        "decl": {
          "start": { "line": 28, "column": 6 },
          "end": { "line": 28, "column": 29 }
        },
        "loc": {
          "start": { "line": 28, "column": 38 },
          "end": { "line": 30, "column": null }
        },
        "line": 28
      },
      "5": {
        "name": "(anonymous_5)",
        "decl": {
          "start": { "line": 29, "column": 33 },
          "end": { "line": 29, "column": 41 }
        },
        "loc": {
          "start": { "line": 29, "column": 49 },
          "end": { "line": 29, "column": 70 }
        },
        "line": 29
      }
    },
    "branchMap": {},
    "s": { "0": 1, "1": 1, "2": 14, "3": 14, "4": 14, "5": 2, "6": 4, "7": 7 },
    "f": { "0": 1, "1": 14, "2": 14, "3": 2, "4": 4, "5": 7 },
    "b": {},
    "meta": {
      "lastBranch": 0,
      "lastFunction": 6,
      "lastStatement": 8,
      "seen": {
        "s:12:13:36:Infinity": 0,
        "f:13:2:13:Infinity": 0,
        "s:14:19:31:Infinity": 1,
        "f:16:6:16:22": 1,
        "s:17:42:21:Infinity": 2,
        "s:23:8:25:Infinity": 3,
        "f:23:8:23:13": 2,
        "s:23:24:25:10": 4,
        "f:27:6:27:30": 3,
        "s:27:30:27:Infinity": 5,
        "f:28:6:28:29": 4,
        "s:29:8:29:Infinity": 6,
        "f:29:33:29:41": 5,
        "s:29:49:29:70": 7
      }
    }
  },
  "/home/runner/workspace/rs-react-app/src/test/setup.ts": {
    "path": "/home/runner/workspace/rs-react-app/src/test/setup.ts",
    "statementMap": {
      "0": {
        "start": { "line": 5, "column": 0 },
        "end": { "line": 7, "column": null }
      },
      "1": {
        "start": { "line": 6, "column": 2 },
        "end": { "line": 6, "column": null }
      }
    },
    "fnMap": {
      "0": {
        "name": "(anonymous_0)",
        "decl": {
          "start": { "line": 5, "column": 0 },
          "end": { "line": 5, "column": 16 }
        },
        "loc": {
          "start": { "line": 5, "column": 16 },
          "end": { "line": 7, "column": 1 }
        },
        "line": 5
      }
    },
    "branchMap": {},
    "s": { "0": 0, "1": 0 },
    "f": { "0": 0 },
    "b": {},
    "meta": {
      "lastBranch": 0,
      "lastFunction": 1,
      "lastStatement": 2,
      "seen": { "s:5:0:7:Infinity": 0, "f:5:0:5:16": 0, "s:6:2:6:Infinity": 1 }
    }
  }
}
