{"/workspaces/react2026Q2/rs-react-app/src/App.tsx": {"path":"/workspaces/react2026Q2/rs-react-app/src/App.tsx","statementMap":{"0":{"start":{"line":39,"column":20},"end":{"line":60,"column":null}},"1":{"start":{"line":64,"column":17},"end":{"line":67,"column":null}},"2":{"start":{"line":70,"column":17},"end":{"line":86,"column":null}},"3":{"start":{"line":26,"column":4},"end":{"line":26,"column":null}},"4":{"start":{"line":27,"column":4},"end":{"line":32,"column":null}},"5":{"start":{"line":33,"column":4},"end":{"line":33,"column":null}},"6":{"start":{"line":36,"column":4},"end":{"line":36,"column":null}},"7":{"start":{"line":40,"column":4},"end":{"line":60,"column":null}},"8":{"start":{"line":41,"column":12},"end":{"line":41,"column":53}},"9":{"start":{"line":42,"column":6},"end":{"line":56,"column":null}},"10":{"start":{"line":43,"column":30},"end":{"line":43,"column":70}},"11":{"start":{"line":44,"column":8},"end":{"line":49,"column":null}},"12":{"start":{"line":51,"column":25},"end":{"line":51,"column":42}},"13":{"start":{"line":52,"column":8},"end":{"line":56,"column":null}},"14":{"start":{"line":59,"column":6},"end":{"line":59,"column":null}},"15":{"start":{"line":60,"column":6},"end":{"line":60,"column":null}},"16":{"start":{"line":65,"column":10},"end":{"line":65,"column":46}},"17":{"start":{"line":66,"column":4},"end":{"line":66,"column":null}},"18":{"start":{"line":67,"column":4},"end":{"line":67,"column":null}},"19":{"start":{"line":71,"column":10},"end":{"line":71,"column":46}},"20":{"start":{"line":72,"column":4},"end":{"line":72,"column":null}},"21":{"start":{"line":73,"column":4},"end":{"line":86,"column":null}},"22":{"start":{"line":74,"column":6},"end":{"line":74,"column":null}},"23":{"start":{"line":75,"column":6},"end":{"line":75,"column":null}},"24":{"start":{"line":75,"column":37},"end":{"line":75,"column":61}},"25":{"start":{"line":76,"column":34},"end":{"line":76,"column":71}},"26":{"start":{"line":77,"column":6},"end":{"line":81,"column":null}},"27":{"start":{"line":83,"column":6},"end":{"line":83,"column":null}},"28":{"start":{"line":84,"column":6},"end":{"line":84,"column":null}},"29":{"start":{"line":86,"column":6},"end":{"line":86,"column":null}},"30":{"start":{"line":90,"column":24},"end":{"line":90,"column":null}},"31":{"start":{"line":91,"column":4},"end":{"line":92,"column":null}},"32":{"start":{"line":92,"column":6},"end":{"line":92,"column":null}},"33":{"start":{"line":94,"column":4},"end":{"line":105,"column":null}}},"fnMap":{"0":{"name":"(anonymous_0)","decl":{"start":{"line":25,"column":2},"end":{"line":25,"column":14}},"loc":{"start":{"line":25,"column":31},"end":{"line":33,"column":null}},"line":25},"1":{"name":"(anonymous_1)","decl":{"start":{"line":35,"column":2},"end":{"line":35,"column":22}},"loc":{"start":{"line":35,"column":22},"end":{"line":36,"column":null}},"line":35},"2":{"name":"(anonymous_2)","decl":{"start":{"line":39,"column":20},"end":{"line":39,"column":32}},"loc":{"start":{"line":39,"column":32},"end":{"line":60,"column":null}},"line":39},"3":{"name":"(anonymous_3)","decl":{"start":{"line":64,"column":17},"end":{"line":64,"column":24}},"loc":{"start":{"line":64,"column":47},"end":{"line":67,"column":null}},"line":64},"4":{"name":"(anonymous_4)","decl":{"start":{"line":70,"column":17},"end":{"line":70,"column":24}},"loc":{"start":{"line":70,"column":47},"end":{"line":86,"column":null}},"line":70},"5":{"name":"(anonymous_5)","decl":{"start":{"line":75,"column":16},"end":{"line":75,"column":25}},"loc":{"start":{"line":75,"column":37},"end":{"line":75,"column":61}},"line":75},"6":{"name":"(anonymous_6)","decl":{"start":{"line":89,"column":2},"end":{"line":89,"column":11}},"loc":{"start":{"line":89,"column":11},"end":{"line":105,"column":null}},"line":89}},"branchMap":{"0":{"loc":{"start":{"line":42,"column":6},"end":{"line":56,"column":null}},"type":"if","locations":[{"start":{"line":42,"column":6},"end":{"line":56,"column":null}},{"start":{"line":50,"column":13},"end":{"line":56,"column":null}}],"line":42},"1":{"loc":{"start":{"line":42,"column":10},"end":{"line":42,"column":60}},"type":"binary-expr","locations":[{"start":{"line":42,"column":10},"end":{"line":42,"column":29}},{"start":{"line":42,"column":29},"end":{"line":42,"column":60}}],"line":42},"2":{"loc":{"start":{"line":91,"column":4},"end":{"line":92,"column":null}},"type":"if","locations":[{"start":{"line":91,"column":4},"end":{"line":92,"column":null}},{"start":{},"end":{}}],"line":91}},"s":{"0":9,"1":527,"2":4,"3":9,"4":9,"5":9,"6":9,"7":9,"8":9,"9":9,"10":2,"11":2,"12":7,"13":7,"14":0,"15":0,"16":527,"17":527,"18":527,"19":4,"20":4,"21":4,"22":4,"23":4,"24":4,"25":4,"26":4,"27":0,"28":0,"29":4,"30":552,"31":552,"32":13,"33":539},"f":{"0":9,"1":9,"2":9,"3":527,"4":4,"5":4,"6":552},"b":{"0":[2,7],"1":[9,2],"2":[13,539]},"meta":{"lastBranch":3,"lastFunction":7,"lastStatement":34,"seen":{"s:39:20:60:Infinity":0,"s:64:17:67:Infinity":1,"s:70:17:86:Infinity":2,"f:25:2:25:14":0,"s:26:4:26:Infinity":3,"s:27:4:32:Infinity":4,"s:33:4:33:Infinity":5,"f:35:2:35:22":1,"s:36:4:36:Infinity":6,"f:39:20:39:32":2,"s:40:4:60:Infinity":7,"s:41:12:41:53":8,"b:42:6:56:Infinity:50:13:56:Infinity":0,"s:42:6:56:Infinity":9,"b:42:10:42:29:42:29:42:60":1,"s:43:30:43:70":10,"s:44:8:49:Infinity":11,"s:51:25:51:42":12,"s:52:8:56:Infinity":13,"s:59:6:59:Infinity":14,"s:60:6:60:Infinity":15,"f:64:17:64:24":3,"s:65:10:65:46":16,"s:66:4:66:Infinity":17,"s:67:4:67:Infinity":18,"f:70:17:70:24":4,"s:71:10:71:46":19,"s:72:4:72:Infinity":20,"s:73:4:86:Infinity":21,"s:74:6:74:Infinity":22,"s:75:6:75:Infinity":23,"f:75:16:75:25":5,"s:75:37:75:61":24,"s:76:34:76:71":25,"s:77:6:81:Infinity":26,"s:83:6:83:Infinity":27,"s:84:6:84:Infinity":28,"s:86:6:86:Infinity":29,"f:89:2:89:11":6,"s:90:24:90:Infinity":30,"b:91:4:92:Infinity:undefined:undefined:undefined:undefined":2,"s:91:4:92:Infinity":31,"s:92:6:92:Infinity":32,"s:94:4:105:Infinity":33}}}
,"/workspaces/react2026Q2/rs-react-app/src/main.tsx": {"path":"/workspaces/react2026Q2/rs-react-app/src/main.tsx","statementMap":{"0":{"start":{"line":6,"column":0},"end":{"line":10,"column":null}}},"fnMap":{},"branchMap":{},"s":{"0":0},"f":{},"b":{},"meta":{"lastBranch":0,"lastFunction":0,"lastStatement":1,"seen":{"s:6:0:10:Infinity":0}}}
,"/workspaces/react2026Q2/rs-react-app/src/tailwind.config.js": {"path":"/workspaces/react2026Q2/rs-react-app/src/tailwind.config.js","statementMap":{"0":{"start":{"line":2,"column":0},"end":{"line":12,"column":null}}},"fnMap":{},"branchMap":{},"s":{"0":0},"f":{},"b":{},"meta":{"lastBranch":0,"lastFunction":0,"lastStatement":1,"seen":{"s:2:0:12:Infinity":0}}}
,"/workspaces/react2026Q2/rs-react-app/src/components/ErrorBoundary/ErrorBoundary.tsx": {"path":"/workspaces/react2026Q2/rs-react-app/src/components/ErrorBoundary/ErrorBoundary.tsx","statementMap":{"0":{"start":{"line":16,"column":4},"end":{"line":16,"column":null}},"1":{"start":{"line":17,"column":4},"end":{"line":17,"column":null}},"2":{"start":{"line":21,"column":4},"end":{"line":21,"column":null}},"3":{"start":{"line":25,"column":4},"end":{"line":25,"column":null}},"4":{"start":{"line":26,"column":4},"end":{"line":28,"column":null}},"5":{"start":{"line":27,"column":6},"end":{"line":27,"column":null}},"6":{"start":{"line":31,"column":4},"end":{"line":35,"column":null}},"7":{"start":{"line":32,"column":6},"end":{"line":35,"column":null}},"8":{"start":{"line":39,"column":4},"end":{"line":39,"column":null}}},"fnMap":{"0":{"name":"(anonymous_0)","decl":{"start":{"line":15,"column":2},"end":{"line":15,"column":14}},"loc":{"start":{"line":15,"column":46},"end":{"line":17,"column":null}},"line":15},"1":{"name":"(anonymous_1)","decl":{"start":{"line":20,"column":9},"end":{"line":20,"column":34}},"loc":{"start":{"line":20,"column":48},"end":{"line":21,"column":null}},"line":20},"2":{"name":"(anonymous_2)","decl":{"start":{"line":24,"column":2},"end":{"line":24,"column":20}},"loc":{"start":{"line":24,"column":34},"end":{"line":28,"column":null}},"line":24},"3":{"name":"(anonymous_3)","decl":{"start":{"line":26,"column":4},"end":{"line":26,"column":21}},"loc":{"start":{"line":26,"column":21},"end":{"line":28,"column":12}},"line":26},"4":{"name":"(anonymous_4)","decl":{"start":{"line":30,"column":2},"end":{"line":30,"column":11}},"loc":{"start":{"line":30,"column":11},"end":{"line":39,"column":null}},"line":30}},"branchMap":{"0":{"loc":{"start":{"line":31,"column":4},"end":{"line":35,"column":null}},"type":"if","locations":[{"start":{"line":31,"column":4},"end":{"line":35,"column":null}},{"start":{},"end":{}}],"line":31},"1":{"loc":{"start":{"line":35,"column":11},"end":{"line":35,"column":null}},"type":"binary-expr","locations":[{"start":{"line":35,"column":11},"end":{"line":35,"column":31}},{"start":{"line":35,"column":31},"end":{"line":35,"column":null}}],"line":35}},"s":{"0":8,"1":8,"2":6,"3":3,"4":3,"5":0,"6":16,"7":9,"8":7},"f":{"0":8,"1":1,"2":3,"3":0,"4":16},"b":{"0":[9,7],"1":[9,9]},"meta":{"lastBranch":2,"lastFunction":5,"lastStatement":9,"seen":{"f:15:2:15:14":0,"s:16:4:16:Infinity":0,"s:17:4:17:Infinity":1,"f:20:9:20:34":1,"s:21:4:21:Infinity":2,"f:24:2:24:20":2,"s:25:4:25:Infinity":3,"s:26:4:28:Infinity":4,"f:26:4:26:21":3,"s:27:6:27:Infinity":5,"f:30:2:30:11":4,"b:31:4:35:Infinity:undefined:undefined:undefined:undefined":0,"s:31:4:35:Infinity":6,"s:32:6:35:Infinity":7,"b:35:11:35:31:35:31:35:Infinity":1,"s:39:4:39:Infinity":8}}}
,"/workspaces/react2026Q2/rs-react-app/src/components/ErrorBoundary/ErrorButton.tsx": {"path":"/workspaces/react2026Q2/rs-react-app/src/components/ErrorBoundary/ErrorButton.tsx","statementMap":{"0":{"start":{"line":18,"column":2},"end":{"line":19,"column":null}},"1":{"start":{"line":12,"column":4},"end":{"line":12,"column":null}},"2":{"start":{"line":13,"column":4},"end":{"line":15,"column":null}},"3":{"start":{"line":19,"column":4},"end":{"line":19,"column":null}},"4":{"start":{"line":23,"column":4},"end":{"line":24,"column":null}},"5":{"start":{"line":24,"column":6},"end":{"line":24,"column":null}},"6":{"start":{"line":26,"column":4},"end":{"line":32,"column":null}},"7":{"start":{"line":29,"column":23},"end":{"line":29,"column":47}}},"fnMap":{"0":{"name":"(anonymous_0)","decl":{"start":{"line":11,"column":2},"end":{"line":11,"column":14}},"loc":{"start":{"line":11,"column":46},"end":{"line":15,"column":null}},"line":11},"1":{"name":"(anonymous_1)","decl":{"start":{"line":18,"column":2},"end":{"line":18,"column":28}},"loc":{"start":{"line":18,"column":28},"end":{"line":19,"column":null}},"line":18},"2":{"name":"(anonymous_2)","decl":{"start":{"line":22,"column":2},"end":{"line":22,"column":11}},"loc":{"start":{"line":22,"column":11},"end":{"line":32,"column":null}},"line":22},"3":{"name":"(anonymous_3)","decl":{"start":{"line":29,"column":8},"end":{"line":29,"column":23}},"loc":{"start":{"line":29,"column":23},"end":{"line":29,"column":47}},"line":29}},"branchMap":{"0":{"loc":{"start":{"line":23,"column":4},"end":{"line":24,"column":null}},"type":"if","locations":[{"start":{"line":23,"column":4},"end":{"line":24,"column":null}},{"start":{},"end":{}}],"line":23}},"s":{"0":5,"1":16,"2":16,"3":5,"4":25,"5":10,"6":15,"7":5},"f":{"0":16,"1":5,"2":25,"3":5},"b":{"0":[10,15]},"meta":{"lastBranch":1,"lastFunction":4,"lastStatement":8,"seen":{"s:18:2:19:Infinity":0,"f:11:2:11:14":0,"s:12:4:12:Infinity":1,"s:13:4:15:Infinity":2,"f:18:2:18:28":1,"s:19:4:19:Infinity":3,"f:22:2:22:11":2,"b:23:4:24:Infinity:undefined:undefined:undefined:undefined":0,"s:23:4:24:Infinity":4,"s:24:6:24:Infinity":5,"s:26:4:32:Infinity":6,"f:29:8:29:23":3,"s:29:23:29:47":7}}}
,"/workspaces/react2026Q2/rs-react-app/src/components/Loader/Loader.tsx": {"path":"/workspaces/react2026Q2/rs-react-app/src/components/Loader/Loader.tsx","statementMap":{"0":{"start":{"line":3,"column":13},"end":{"line":12,"column":null}},"1":{"start":{"line":4,"column":21},"end":{"line":4,"column":null}},"2":{"start":{"line":5,"column":2},"end":{"line":12,"column":null}}},"fnMap":{"0":{"name":"(anonymous_0)","decl":{"start":{"line":3,"column":13},"end":{"line":3,"column":28}},"loc":{"start":{"line":3,"column":28},"end":{"line":12,"column":null}},"line":3}},"branchMap":{},"s":{"0":1,"1":22,"2":22},"f":{"0":22},"b":{},"meta":{"lastBranch":0,"lastFunction":1,"lastStatement":3,"seen":{"s:3:13:12:Infinity":0,"f:3:13:3:28":0,"s:4:21:4:Infinity":1,"s:5:2:12:Infinity":2}}}
,"/workspaces/react2026Q2/rs-react-app/src/components/ResultCotainer/ResultContainer.tsx": {"path":"/workspaces/react2026Q2/rs-react-app/src/components/ResultCotainer/ResultContainer.tsx","statementMap":{"0":{"start":{"line":9,"column":4},"end":{"line":9,"column":null}},"1":{"start":{"line":13,"column":4},"end":{"line":27,"column":null}},"2":{"start":{"line":16,"column":10},"end":{"line":24,"column":null}}},"fnMap":{"0":{"name":"(anonymous_0)","decl":{"start":{"line":8,"column":2},"end":{"line":8,"column":14}},"loc":{"start":{"line":8,"column":43},"end":{"line":9,"column":null}},"line":8},"1":{"name":"(anonymous_1)","decl":{"start":{"line":12,"column":2},"end":{"line":12,"column":11}},"loc":{"start":{"line":12,"column":11},"end":{"line":27,"column":null}},"line":12},"2":{"name":"(anonymous_2)","decl":{"start":{"line":15,"column":37},"end":{"line":15,"column":42}},"loc":{"start":{"line":15,"column":51},"end":{"line":24,"column":null}},"line":15}},"branchMap":{},"s":{"0":5,"1":5,"2":3},"f":{"0":5,"1":5,"2":3},"b":{},"meta":{"lastBranch":0,"lastFunction":3,"lastStatement":3,"seen":{"f:8:2:8:14":0,"s:9:4:9:Infinity":0,"f:12:2:12:11":1,"s:13:4:27:Infinity":1,"f:15:37:15:42":2,"s:16:10:24:Infinity":2}}}
,"/workspaces/react2026Q2/rs-react-app/src/components/SearchForm/SearchForm.tsx": {"path":"/workspaces/react2026Q2/rs-react-app/src/components/SearchForm/SearchForm.tsx","statementMap":{"0":{"start":{"line":16,"column":10},"end":{"line":16,"column":46}},"1":{"start":{"line":18,"column":22},"end":{"line":18,"column":106}},"2":{"start":{"line":20,"column":7},"end":{"line":25,"column":null}},"3":{"start":{"line":21,"column":4},"end":{"line":21,"column":null}},"4":{"start":{"line":22,"column":10},"end":{"line":22,"column":56}},"5":{"start":{"line":23,"column":4},"end":{"line":23,"column":null}},"6":{"start":{"line":24,"column":4},"end":{"line":24,"column":null}},"7":{"start":{"line":25,"column":4},"end":{"line":25,"column":null}},"8":{"start":{"line":28,"column":8},"end":{"line":30,"column":null}},"9":{"start":{"line":29,"column":4},"end":{"line":29,"column":null}},"10":{"start":{"line":30,"column":4},"end":{"line":30,"column":null}},"11":{"start":{"line":32,"column":4},"end":{"line":67,"column":null}}},"fnMap":{"0":{"name":"SearchForm","decl":{"start":{"line":15,"column":9},"end":{"line":15,"column":21}},"loc":{"start":{"line":15,"column":83},"end":{"line":67,"column":null}},"line":15},"1":{"name":"(anonymous_1)","decl":{"start":{"line":20,"column":7},"end":{"line":20,"column":23}},"loc":{"start":{"line":20,"column":60},"end":{"line":25,"column":null}},"line":20},"2":{"name":"(anonymous_2)","decl":{"start":{"line":28,"column":8},"end":{"line":28,"column":24}},"loc":{"start":{"line":28,"column":46},"end":{"line":30,"column":null}},"line":28}},"branchMap":{"0":{"loc":{"start":{"line":18,"column":47},"end":{"line":18,"column":106}},"type":"cond-expr","locations":[{"start":{"line":18,"column":75},"end":{"line":18,"column":89}},{"start":{"line":18,"column":89},"end":{"line":18,"column":106}}],"line":18},"1":{"loc":{"start":{"line":18,"column":89},"end":{"line":18,"column":106}},"type":"binary-expr","locations":[{"start":{"line":18,"column":89},"end":{"line":18,"column":103}},{"start":{"line":18,"column":103},"end":{"line":18,"column":106}}],"line":18}},"s":{"0":8,"1":8,"2":8,"3":5,"4":5,"5":5,"6":5,"7":5,"8":8,"9":1,"10":1,"11":8},"f":{"0":8,"1":5,"2":1},"b":{"0":[8,0],"1":[0,0]},"meta":{"lastBranch":2,"lastFunction":3,"lastStatement":12,"seen":{"f:15:9:15:21":0,"s:16:10:16:46":0,"s:18:22:18:106":1,"b:18:75:18:89:18:89:18:106":0,"b:18:89:18:103:18:103:18:106":1,"s:20:7:25:Infinity":2,"f:20:7:20:23":1,"s:21:4:21:Infinity":3,"s:22:10:22:56":4,"s:23:4:23:Infinity":5,"s:24:4:24:Infinity":6,"s:25:4:25:Infinity":7,"s:28:8:30:Infinity":8,"f:28:8:28:24":2,"s:29:4:29:Infinity":9,"s:30:4:30:Infinity":10,"s:32:4:67:Infinity":11}}}
,"/workspaces/react2026Q2/rs-react-app/src/helpers/fetchData.ts": {"path":"/workspaces/react2026Q2/rs-react-app/src/helpers/fetchData.ts","statementMap":{"0":{"start":{"line":4,"column":2},"end":{"line":10,"column":null}},"1":{"start":{"line":5,"column":17},"end":{"line":5,"column":67}},"2":{"start":{"line":6,"column":19},"end":{"line":6,"column":36}},"3":{"start":{"line":7,"column":4},"end":{"line":7,"column":null}},"4":{"start":{"line":9,"column":4},"end":{"line":9,"column":null}},"5":{"start":{"line":10,"column":4},"end":{"line":10,"column":null}},"6":{"start":{"line":17,"column":2},"end":{"line":25,"column":null}},"7":{"start":{"line":18,"column":17},"end":{"line":19,"column":null}},"8":{"start":{"line":21,"column":19},"end":{"line":21,"column":36}},"9":{"start":{"line":22,"column":4},"end":{"line":22,"column":null}},"10":{"start":{"line":24,"column":4},"end":{"line":24,"column":null}},"11":{"start":{"line":25,"column":4},"end":{"line":25,"column":null}}},"fnMap":{"0":{"name":"fetchData","decl":{"start":{"line":3,"column":22},"end":{"line":3,"column":69}},"loc":{"start":{"line":3,"column":69},"end":{"line":10,"column":null}},"line":3},"1":{"name":"fetchFilteredData","decl":{"start":{"line":14,"column":22},"end":{"line":14,"column":null}},"loc":{"start":{"line":16,"column":37},"end":{"line":25,"column":null}},"line":16}},"branchMap":{},"s":{"0":7,"1":7,"2":6,"3":6,"4":1,"5":1,"6":6,"7":6,"8":6,"9":6,"10":0,"11":0},"f":{"0":7,"1":6},"b":{},"meta":{"lastBranch":0,"lastFunction":2,"lastStatement":12,"seen":{"f:3:22:3:69":0,"s:4:2:10:Infinity":0,"s:5:17:5:67":1,"s:6:19:6:36":2,"s:7:4:7:Infinity":3,"s:9:4:9:Infinity":4,"s:10:4:10:Infinity":5,"f:14:22:14:Infinity":1,"s:17:2:25:Infinity":6,"s:18:17:19:Infinity":7,"s:21:19:21:36":8,"s:22:4:22:Infinity":9,"s:24:4:24:Infinity":10,"s:25:4:25:Infinity":11}}}
,"/workspaces/react2026Q2/rs-react-app/src/helpers/localStorage.ts": {"path":"/workspaces/react2026Q2/rs-react-app/src/helpers/localStorage.ts","statementMap":{"0":{"start":{"line":1,"column":20},"end":{"line":1,"column":null}},"1":{"start":{"line":4,"column":2},"end":{"line":4,"column":null}},"2":{"start":{"line":8,"column":2},"end":{"line":14,"column":null}},"3":{"start":{"line":9,"column":23},"end":{"line":9,"column":56}},"4":{"start":{"line":10,"column":4},"end":{"line":11,"column":null}},"5":{"start":{"line":11,"column":6},"end":{"line":11,"column":null}},"6":{"start":{"line":14,"column":4},"end":{"line":14,"column":null}},"7":{"start":{"line":19,"column":2},"end":{"line":23,"column":null}},"8":{"start":{"line":20,"column":25},"end":{"line":20,"column":46}},"9":{"start":{"line":21,"column":4},"end":{"line":21,"column":null}},"10":{"start":{"line":23,"column":4},"end":{"line":23,"column":null}}},"fnMap":{"0":{"name":"trimValue","decl":{"start":{"line":3,"column":16},"end":{"line":3,"column":26}},"loc":{"start":{"line":3,"column":41},"end":{"line":4,"column":null}},"line":3},"1":{"name":"initializeSearchValue","decl":{"start":{"line":7,"column":16},"end":{"line":7,"column":40}},"loc":{"start":{"line":7,"column":40},"end":{"line":14,"column":null}},"line":7},"2":{"name":"saveSearchValue","decl":{"start":{"line":18,"column":16},"end":{"line":18,"column":32}},"loc":{"start":{"line":18,"column":49},"end":{"line":23,"column":null}},"line":18}},"branchMap":{"0":{"loc":{"start":{"line":10,"column":4},"end":{"line":11,"column":null}},"type":"if","locations":[{"start":{"line":10,"column":4},"end":{"line":11,"column":null}},{"start":{},"end":{}}],"line":10},"1":{"loc":{"start":{"line":18,"column":32},"end":{"line":18,"column":49}},"type":"default-arg","locations":[{"start":{"line":18,"column":45},"end":{"line":18,"column":49}}],"line":18}},"s":{"0":1,"1":30,"2":17,"3":17,"4":17,"5":14,"6":0,"7":16,"8":16,"9":16,"10":0},"f":{"0":30,"1":17,"2":16},"b":{"0":[14,3],"1":[16]},"meta":{"lastBranch":2,"lastFunction":3,"lastStatement":11,"seen":{"s:1:20:1:Infinity":0,"f:3:16:3:26":0,"s:4:2:4:Infinity":1,"f:7:16:7:40":1,"s:8:2:14:Infinity":2,"s:9:23:9:56":3,"b:10:4:11:Infinity:undefined:undefined:undefined:undefined":0,"s:10:4:11:Infinity":4,"s:11:6:11:Infinity":5,"s:14:4:14:Infinity":6,"f:18:16:18:32":2,"b:18:45:18:49":1,"s:19:2:23:Infinity":7,"s:20:25:20:46":8,"s:21:4:21:Infinity":9,"s:23:4:23:Infinity":10}}}
,"/workspaces/react2026Q2/rs-react-app/src/mocks/handlers.ts": {"path":"/workspaces/react2026Q2/rs-react-app/src/mocks/handlers.ts","statementMap":{"0":{"start":{"line":11,"column":13},"end":{"line":22,"column":null}},"1":{"start":{"line":12,"column":2},"end":{"line":22,"column":null}},"2":{"start":{"line":13,"column":16},"end":{"line":13,"column":36}},"3":{"start":{"line":15,"column":26},"end":{"line":15,"column":54}},"4":{"start":{"line":17,"column":4},"end":{"line":18,"column":null}},"5":{"start":{"line":18,"column":6},"end":{"line":18,"column":null}},"6":{"start":{"line":21,"column":4},"end":{"line":21,"column":null}},"7":{"start":{"line":25,"column":13},"end":{"line":28,"column":null}},"8":{"start":{"line":26,"column":2},"end":{"line":28,"column":null}},"9":{"start":{"line":27,"column":4},"end":{"line":27,"column":null}},"10":{"start":{"line":31,"column":13},"end":{"line":40,"column":null}},"11":{"start":{"line":32,"column":2},"end":{"line":40,"column":null}},"12":{"start":{"line":35,"column":6},"end":{"line":36,"column":null}},"13":{"start":{"line":36,"column":8},"end":{"line":36,"column":null}},"14":{"start":{"line":38,"column":6},"end":{"line":38,"column":null}},"15":{"start":{"line":43,"column":13},"end":{"line":46,"column":null}},"16":{"start":{"line":44,"column":2},"end":{"line":46,"column":null}},"17":{"start":{"line":45,"column":4},"end":{"line":45,"column":null}},"18":{"start":{"line":49,"column":13},"end":{"line":52,"column":null}},"19":{"start":{"line":50,"column":2},"end":{"line":52,"column":null}},"20":{"start":{"line":51,"column":4},"end":{"line":51,"column":null}},"21":{"start":{"line":55,"column":39},"end":{"line":57,"column":null}}},"fnMap":{"0":{"name":"(anonymous_0)","decl":{"start":{"line":11,"column":13},"end":{"line":11,"column":42}},"loc":{"start":{"line":11,"column":42},"end":{"line":22,"column":null}},"line":11},"1":{"name":"(anonymous_1)","decl":{"start":{"line":12,"column":18},"end":{"line":12,"column":58}},"loc":{"start":{"line":12,"column":74},"end":{"line":22,"column":null}},"line":12},"2":{"name":"(anonymous_2)","decl":{"start":{"line":25,"column":13},"end":{"line":25,"column":49}},"loc":{"start":{"line":25,"column":49},"end":{"line":28,"column":null}},"line":25},"3":{"name":"(anonymous_3)","decl":{"start":{"line":26,"column":18},"end":{"line":26,"column":70}},"loc":{"start":{"line":26,"column":70},"end":{"line":28,"column":null}},"line":26},"4":{"name":"(anonymous_4)","decl":{"start":{"line":31,"column":13},"end":{"line":31,"column":47}},"loc":{"start":{"line":31,"column":47},"end":{"line":40,"column":null}},"line":31},"5":{"name":"(anonymous_5)","decl":{"start":{"line":33,"column":44},"end":{"line":33,"column":null}},"loc":{"start":{"line":34,"column":20},"end":{"line":40,"column":null}},"line":34},"6":{"name":"(anonymous_6)","decl":{"start":{"line":43,"column":13},"end":{"line":43,"column":50}},"loc":{"start":{"line":43,"column":50},"end":{"line":46,"column":null}},"line":43},"7":{"name":"(anonymous_7)","decl":{"start":{"line":44,"column":18},"end":{"line":44,"column":63}},"loc":{"start":{"line":44,"column":63},"end":{"line":46,"column":null}},"line":44},"8":{"name":"(anonymous_8)","decl":{"start":{"line":49,"column":13},"end":{"line":49,"column":45}},"loc":{"start":{"line":49,"column":45},"end":{"line":52,"column":null}},"line":49},"9":{"name":"(anonymous_9)","decl":{"start":{"line":50,"column":18},"end":{"line":50,"column":63}},"loc":{"start":{"line":50,"column":63},"end":{"line":52,"column":null}},"line":50}},"branchMap":{"0":{"loc":{"start":{"line":17,"column":4},"end":{"line":18,"column":null}},"type":"if","locations":[{"start":{"line":17,"column":4},"end":{"line":18,"column":null}},{"start":{},"end":{}}],"line":17},"1":{"loc":{"start":{"line":17,"column":8},"end":{"line":17,"column":69}},"type":"binary-expr","locations":[{"start":{"line":17,"column":8},"end":{"line":17,"column":25}},{"start":{"line":17,"column":25},"end":{"line":17,"column":69}}],"line":17},"2":{"loc":{"start":{"line":35,"column":6},"end":{"line":36,"column":null}},"type":"if","locations":[{"start":{"line":35,"column":6},"end":{"line":36,"column":null}},{"start":{},"end":{}}],"line":35}},"s":{"0":1,"1":1,"2":0,"3":0,"4":0,"5":0,"6":0,"7":1,"8":0,"9":0,"10":1,"11":1,"12":0,"13":0,"14":0,"15":1,"16":0,"17":0,"18":1,"19":0,"20":0,"21":1},"f":{"0":1,"1":0,"2":0,"3":0,"4":1,"5":0,"6":0,"7":0,"8":0,"9":0},"b":{"0":[0,0],"1":[0,0],"2":[0,0]},"meta":{"lastBranch":3,"lastFunction":10,"lastStatement":22,"seen":{"s:11:13:22:Infinity":0,"f:11:13:11:42":0,"s:12:2:22:Infinity":1,"f:12:18:12:58":1,"s:13:16:13:36":2,"s:15:26:15:54":3,"b:17:4:18:Infinity:undefined:undefined:undefined:undefined":0,"s:17:4:18:Infinity":4,"b:17:8:17:25:17:25:17:69":1,"s:18:6:18:Infinity":5,"s:21:4:21:Infinity":6,"s:25:13:28:Infinity":7,"f:25:13:25:49":2,"s:26:2:28:Infinity":8,"f:26:18:26:70":3,"s:27:4:27:Infinity":9,"s:31:13:40:Infinity":10,"f:31:13:31:47":4,"s:32:2:40:Infinity":11,"f:33:44:33:Infinity":5,"b:35:6:36:Infinity:undefined:undefined:undefined:undefined":2,"s:35:6:36:Infinity":12,"s:36:8:36:Infinity":13,"s:38:6:38:Infinity":14,"s:43:13:46:Infinity":15,"f:43:13:43:50":6,"s:44:2:46:Infinity":16,"f:44:18:44:63":7,"s:45:4:45:Infinity":17,"s:49:13:52:Infinity":18,"f:49:13:49:45":8,"s:50:2:52:Infinity":19,"f:50:18:50:63":9,"s:51:4:51:Infinity":20,"s:55:39:57:Infinity":21}}}
,"/workspaces/react2026Q2/rs-react-app/src/mocks/mockData.ts": {"path":"/workspaces/react2026Q2/rs-react-app/src/mocks/mockData.ts","statementMap":{"0":{"start":{"line":3,"column":46},"end":{"line":4,"column":null}},"1":{"start":{"line":7,"column":28},"end":{"line":39,"column":null}},"2":{"start":{"line":41,"column":30},"end":{"line":57,"column":null}},"3":{"start":{"line":59,"column":27},"end":{"line":72,"column":null}},"4":{"start":{"line":73,"column":24},"end":{"line":89,"column":null}},"5":{"start":{"line":91,"column":28},"end":{"line":104,"column":null}},"6":{"start":{"line":106,"column":22},"end":{"line":122,"column":null}},"7":{"start":{"line":123,"column":26},"end":{"line":136,"column":null}},"8":{"start":{"line":138,"column":38},"end":{"line":146,"column":null}},"9":{"start":{"line":148,"column":43},"end":{"line":156,"column":null}}},"fnMap":{},"branchMap":{},"s":{"0":1,"1":1,"2":1,"3":1,"4":1,"5":1,"6":1,"7":1,"8":1,"9":1},"f":{},"b":{},"meta":{"lastBranch":0,"lastFunction":0,"lastStatement":10,"seen":{"s:3:46:4:Infinity":0,"s:7:28:39:Infinity":1,"s:41:30:57:Infinity":2,"s:59:27:72:Infinity":3,"s:73:24:89:Infinity":4,"s:91:28:104:Infinity":5,"s:106:22:122:Infinity":6,"s:123:26:136:Infinity":7,"s:138:38:146:Infinity":8,"s:148:43:156:Infinity":9}}}
,"/workspaces/react2026Q2/rs-react-app/src/mocks/node.ts": {"path":"/workspaces/react2026Q2/rs-react-app/src/mocks/node.ts","statementMap":{"0":{"start":{"line":5,"column":13},"end":{"line":5,"column":46}}},"fnMap":{},"branchMap":{},"s":{"0":1},"f":{},"b":{},"meta":{"lastBranch":0,"lastFunction":0,"lastStatement":1,"seen":{"s:5:13:5:46":0}}}
,"/workspaces/react2026Q2/rs-react-app/src/ui-kit/Card.tsx": {"path":"/workspaces/react2026Q2/rs-react-app/src/ui-kit/Card.tsx","statementMap":{"0":{"start":{"line":12,"column":4},"end":{"line":72,"column":null}}},"fnMap":{"0":{"name":"(anonymous_0)","decl":{"start":{"line":11,"column":2},"end":{"line":11,"column":11}},"loc":{"start":{"line":11,"column":11},"end":{"line":72,"column":null}},"line":11}},"branchMap":{},"s":{"0":3},"f":{"0":3},"b":{},"meta":{"lastBranch":0,"lastFunction":1,"lastStatement":1,"seen":{"f:11:2:11:11":0,"s:12:4:72:Infinity":0}}}
}
